-l	i	-t	0   	Cell	1 	(0,1)	-e	3.869545	-a	2	-i	3
-l	i	-t	1   	Cell	1 	(0,1)	-e	2.400933	-a	2	-i	3
-l	i	-t	2   	Cell	1 	(0,1)	-e	0.234118	-a	2	-i	3
-l	i	-t	3   	Cell	1 	(0,1)	-e	0.154583	-a	2	-i	3
-l	i	-t	4   	Cell	1 	(0,1)	-e	0.117975	-a	2	-i	3
-l	i	-t	5   	Cell	1 	(0,1)	-e	0.012718	-a	2	-i	3
-l	i	-t	6   	Cell	1 	(0,1)	-e	0.000120	-a	2	-i	3
-l	i	-t	7   	Cell	1 	(0,1)	-e	0.000038	-a	2	-i	3
-l	i	-t	8   	Cell	1 	(0,1)	-e	0.000014	-a	2	-i	3
-l	i	-t	9   	Cell	1 	(0,1)	-e	0.000014	-a	2	-i	3
-l	i	-t	10  	Cell	1 	(0,1)	-e	0.000014	-a	2	-i	3
-l	i	-t	11  	Cell	1 	(0,1)	-e	0.000014	-a	2	-i	3
-l	i	-t	12  	Cell	1 	(0,1)	-e	0.000014	-a	2	-i	3
-l	i	-t	13  	Cell	1 	(0,1)	-e	0.000014	-a	2	-i	3
-l	i	-t	14  	Cell	1 	(0,1)	-e	0.000014	-a	2	-i	3
-l	i	-t	15  	Cell	1 	(0,1)	-e	0.000014	-a	2	-i	3
-l	i	-t	16  	Cell	1 	(0,1)	-e	0.000014	-a	2	-i	3
-l	i	-t	17  	Cell	1 	(0,1)	-e	0.000014	-a	2	-i	3
-l	i	-t	18  	Cell	1 	(0,1)	-e	0.000014	-a	2	-i	3
-l	i	-t	19  	Cell	1 	(0,1)	-e	0.000014	-a	2	-i	3
-l	i	-t	20  	Cell	1 	(0,1)	-e	0.000014	-a	2	-i	3
-l	i	-t	21  	Cell	1 	(0,1)	-e	0.000014	-a	2	-i	3
-l	i	-t	22  	Cell	1 	(0,1)	-e	0.000014	-a	2	-i	3
-l	i	-t	23  	Cell	1 	(0,1)	-e	0.000014	-a	2	-i	3
-l	i	-t	24  	Cell	1 	(0,1)	-e	0.000014	-a	2	-i	3
-l	i	-t	25  	Cell	1 	(0,1)	-e	0.000014	-a	2	-i	3
-l	i	-t	26  	Cell	1 	(0,1)	-e	0.000014	-a	2	-i	3
-l	i	-t	27  	Cell	1 	(0,1)	-e	0.000014	-a	2	-i	3
-l	i	-t	28  	Cell	1 	(0,1)	-e	0.000014	-a	2	-i	3
-l	i	-t	29  	Cell	1 	(0,1)	-e	0.000014	-a	2	-i	3
-l	i	-t	30  	Cell	1 	(0,1)	-e	0.000014	-a	2	-i	3
-l	i	-t	0   	Cell	1 	(0,1)	-e	0.000014	-a	2	-i	3
-l	i	-t	1   	Cell	1 	(0,1)	-e	0.000014	-a	2	-i	3
-l	i	-t	2   	Cell	1 	(0,1)	-e	0.000014	-a	2	-i	3
-l	i	-t	3   	Cell	1 	(0,1)	-e	0.000014	-a	2	-i	3
-l	i	-t	4   	Cell	1 	(0,1)	-e	0.000014	-a	2	-i	3
-l	i	-t	5   	Cell	1 	(0,1)	-e	0.000014	-a	2	-i	3
-l	i	-t	6   	Cell	1 	(0,1)	-e	0.000014	-a	2	-i	3
-l	i	-t	7   	Cell	1 	(0,1)	-e	0.000014	-a	2	-i	3
-l	i	-t	8   	Cell	1 	(0,1)	-e	0.000014	-a	2	-i	3
-l	i	-t	9   	Cell	1 	(0,1)	-e	0.000014	-a	2	-i	3
-l	i	-t	10  	Cell	1 	(0,1)	-e	0.000014	-a	2	-i	3
-l	i	-t	11  	Cell	1 	(0,1)	-e	0.000014	-a	2	-i	3
-l	i	-t	12  	Cell	1 	(0,1)	-e	0.000014	-a	2	-i	3
-l	i	-t	13  	Cell	1 	(0,1)	-e	0.000014	-a	2	-i	3
-l	i	-t	14  	Cell	1 	(0,1)	-e	0.000014	-a	2	-i	3
-l	i	-t	15  	Cell	1 	(0,1)	-e	0.000014	-a	2	-i	3
-l	i	-t	16  	Cell	1 	(0,1)	-e	0.000014	-a	2	-i	3
-l	i	-t	17  	Cell	1 	(0,1)	-e	0.000014	-a	2	-i	3
-l	i	-t	18  	Cell	1 	(0,1)	-e	0.000014	-a	2	-i	3
-l	i	-t	19  	Cell	1 	(0,1)	-e	0.000014	-a	2	-i	3
-l	i	-t	20  	Cell	1 	(0,1)	-e	0.000014	-a	2	-i	3
-l	i	-t	21  	Cell	1 	(0,1)	-e	0.000014	-a	2	-i	3
-l	i	-t	22  	Cell	1 	(0,1)	-e	0.000014	-a	2	-i	3
-l	i	-t	23  	Cell	1 	(0,1)	-e	0.000014	-a	2	-i	3
-l	i	-t	24  	Cell	1 	(0,1)	-e	0.000014	-a	2	-i	3
-l	i	-t	25  	Cell	1 	(0,1)	-e	0.000014	-a	2	-i	3
-l	i	-t	26  	Cell	1 	(0,1)	-e	0.000014	-a	2	-i	3
-l	i	-t	27  	Cell	1 	(0,1)	-e	0.000014	-a	2	-i	3
-l	i	-t	28  	Cell	1 	(0,1)	-e	0.000014	-a	2	-i	3
-l	i	-t	29  	Cell	1 	(0,1)	-e	0.000014	-a	2	-i	3
-l	i	-t	30  	Cell	1 	(0,1)	-e	0.000014	-a	2	-i	3
-l	i	-t	0   	Cell	1 	(0,1)	-e	0.000014	-a	2	-i	3
-l	i	-t	1   	Cell	1 	(0,1)	-e	0.000014	-a	2	-i	3
-l	i	-t	2   	Cell	1 	(0,1)	-e	0.000014	-a	2	-i	3
-l	i	-t	3   	Cell	1 	(0,1)	-e	0.000014	-a	2	-i	3
-l	i	-t	4   	Cell	1 	(0,1)	-e	0.000014	-a	2	-i	3
-l	i	-t	5   	Cell	1 	(0,1)	-e	0.000014	-a	2	-i	3
-l	i	-t	6   	Cell	1 	(0,1)	-e	0.000014	-a	2	-i	3
-l	i	-t	7   	Cell	1 	(0,1)	-e	0.000014	-a	2	-i	3
-l	i	-t	8   	Cell	1 	(0,1)	-e	0.000014	-a	2	-i	3
-l	i	-t	9   	Cell	1 	(0,1)	-e	0.000014	-a	2	-i	3
-l	i	-t	10  	Cell	1 	(0,1)	-e	0.000014	-a	2	-i	3
-l	i	-t	11  	Cell	1 	(0,1)	-e	0.000014	-a	2	-i	3
-l	i	-t	12  	Cell	1 	(0,1)	-e	0.000014	-a	2	-i	3
-l	i	-t	13  	Cell	1 	(0,1)	-e	0.000014	-a	2	-i	3
-l	i	-t	14  	Cell	1 	(0,1)	-e	0.000014	-a	2	-i	3
-l	i	-t	15  	Cell	1 	(0,1)	-e	0.000014	-a	2	-i	3
-l	i	-t	16  	Cell	1 	(0,1)	-e	0.000014	-a	2	-i	3
-l	i	-t	17  	Cell	1 	(0,1)	-e	0.000014	-a	2	-i	3
-l	i	-t	18  	Cell	1 	(0,1)	-e	0.000014	-a	2	-i	3
-l	i	-t	19  	Cell	1 	(0,1)	-e	0.000014	-a	2	-i	3
-l	i	-t	20  	Cell	1 	(0,1)	-e	0.000014	-a	2	-i	3
-l	i	-t	21  	Cell	1 	(0,1)	-e	0.000014	-a	2	-i	3
-l	i	-t	22  	Cell	1 	(0,1)	-e	0.000014	-a	2	-i	3
-l	i	-t	23  	Cell	1 	(0,1)	-e	0.000014	-a	2	-i	3
-l	i	-t	24  	Cell	1 	(0,1)	-e	0.000014	-a	2	-i	3
-l	i	-t	25  	Cell	1 	(0,1)	-e	0.000014	-a	2	-i	3
-l	i	-t	26  	Cell	1 	(0,1)	-e	0.000014	-a	2	-i	3
-l	i	-t	27  	Cell	1 	(0,1)	-e	0.000014	-a	2	-i	3
-l	i	-t	28  	Cell	1 	(0,1)	-e	0.000014	-a	2	-i	3
-l	i	-t	29  	Cell	1 	(0,1)	-e	0.000014	-a	2	-i	3
-l	i	-t	30  	Cell	1 	(0,1)	-e	0.000014	-a	2	-i	3
-l	i	-t	0   	Cell	1 	(0,1)	-e	0.000014	-a	2	-i	3
-l	i	-t	1   	Cell	1 	(0,1)	-e	0.000014	-a	2	-i	3
-l	i	-t	2   	Cell	1 	(0,1)	-e	0.000014	-a	2	-i	3
-l	i	-t	3   	Cell	1 	(0,1)	-e	0.000014	-a	2	-i	3
-l	i	-t	4   	Cell	1 	(0,1)	-e	0.000014	-a	2	-i	3
-l	i	-t	5   	Cell	1 	(0,1)	-e	0.000014	-a	2	-i	3
-l	i	-t	6   	Cell	1 	(0,1)	-e	0.000014	-a	2	-i	3
-l	i	-t	7   	Cell	1 	(0,1)	-e	0.000014	-a	2	-i	3
-l	i	-t	8   	Cell	1 	(0,1)	-e	0.000014	-a	2	-i	3
-l	i	-t	9   	Cell	1 	(0,1)	-e	0.000014	-a	2	-i	3
-l	i	-t	10  	Cell	1 	(0,1)	-e	0.000014	-a	2	-i	3
-l	i	-t	11  	Cell	1 	(0,1)	-e	0.000014	-a	2	-i	3
-l	i	-t	12  	Cell	1 	(0,1)	-e	0.000014	-a	2	-i	3
-l	i	-t	13  	Cell	1 	(0,1)	-e	0.000014	-a	2	-i	3
-l	i	-t	14  	Cell	1 	(0,1)	-e	0.000014	-a	2	-i	3
-l	i	-t	15  	Cell	1 	(0,1)	-e	0.000014	-a	2	-i	3
-l	i	-t	16  	Cell	1 	(0,1)	-e	0.000014	-a	2	-i	3
-l	i	-t	17  	Cell	1 	(0,1)	-e	0.000014	-a	2	-i	3
-l	i	-t	18  	Cell	1 	(0,1)	-e	0.000014	-a	2	-i	3
-l	i	-t	19  	Cell	1 	(0,1)	-e	0.000014	-a	2	-i	3
-l	i	-t	20  	Cell	1 	(0,1)	-e	0.000014	-a	2	-i	3
-l	i	-t	21  	Cell	1 	(0,1)	-e	0.000014	-a	2	-i	3
-l	i	-t	22  	Cell	1 	(0,1)	-e	0.000014	-a	2	-i	3
-l	i	-t	23  	Cell	1 	(0,1)	-e	0.000014	-a	2	-i	3
-l	i	-t	24  	Cell	1 	(0,1)	-e	0.000014	-a	2	-i	3
-l	i	-t	25  	Cell	1 	(0,1)	-e	0.000014	-a	2	-i	3
-l	i	-t	26  	Cell	1 	(0,1)	-e	0.000014	-a	2	-i	3
-l	i	-t	27  	Cell	1 	(0,1)	-e	0.000014	-a	2	-i	3
-l	i	-t	28  	Cell	1 	(0,1)	-e	0.000014	-a	2	-i	3
-l	i	-t	29  	Cell	1 	(0,1)	-e	0.000014	-a	2	-i	3
-l	i	-t	30  	Cell	1 	(0,1)	-e	0.000014	-a	2	-i	3
-l	i	-t	0   	Cell	1 	(0,1)	-e	0.000014	-a	2	-i	3
-l	i	-t	1   	Cell	1 	(0,1)	-e	0.000014	-a	2	-i	3
-l	i	-t	2   	Cell	1 	(0,1)	-e	0.000014	-a	2	-i	3
-l	i	-t	3   	Cell	1 	(0,1)	-e	0.000014	-a	2	-i	3
-l	i	-t	4   	Cell	1 	(0,1)	-e	0.000014	-a	2	-i	3
-l	i	-t	5   	Cell	1 	(0,1)	-e	0.000014	-a	2	-i	3
-l	i	-t	6   	Cell	1 	(0,1)	-e	0.000014	-a	2	-i	3
-l	i	-t	7   	Cell	1 	(0,1)	-e	0.000014	-a	2	-i	3
-l	i	-t	8   	Cell	1 	(0,1)	-e	0.000014	-a	2	-i	3
-l	i	-t	9   	Cell	1 	(0,1)	-e	0.000014	-a	2	-i	3
-l	i	-t	10  	Cell	1 	(0,1)	-e	0.000014	-a	2	-i	3
-l	i	-t	11  	Cell	1 	(0,1)	-e	0.000014	-a	2	-i	3
-l	i	-t	12  	Cell	1 	(0,1)	-e	0.000014	-a	2	-i	3
-l	i	-t	13  	Cell	1 	(0,1)	-e	0.000014	-a	2	-i	3
-l	i	-t	14  	Cell	1 	(0,1)	-e	0.000014	-a	2	-i	3
-l	i	-t	15  	Cell	1 	(0,1)	-e	0.000014	-a	2	-i	3
-l	i	-t	16  	Cell	1 	(0,1)	-e	0.000014	-a	2	-i	3
-l	i	-t	17  	Cell	1 	(0,1)	-e	0.000014	-a	2	-i	3
-l	i	-t	18  	Cell	1 	(0,1)	-e	0.000014	-a	2	-i	3
-l	i	-t	19  	Cell	1 	(0,1)	-e	0.000014	-a	2	-i	3
-l	i	-t	20  	Cell	1 	(0,1)	-e	0.000014	-a	2	-i	3
-l	i	-t	21  	Cell	1 	(0,1)	-e	0.000014	-a	2	-i	3
-l	i	-t	22  	Cell	1 	(0,1)	-e	0.000014	-a	2	-i	3
-l	i	-t	23  	Cell	1 	(0,1)	-e	0.000014	-a	2	-i	3
-l	i	-t	24  	Cell	1 	(0,1)	-e	0.000014	-a	2	-i	3
-l	i	-t	25  	Cell	1 	(0,1)	-e	0.000014	-a	2	-i	3
-l	i	-t	26  	Cell	1 	(0,1)	-e	0.000014	-a	2	-i	3
-l	i	-t	27  	Cell	1 	(0,1)	-e	0.000014	-a	2	-i	3
-l	i	-t	28  	Cell	1 	(0,1)	-e	0.000014	-a	2	-i	3
-l	i	-t	29  	Cell	1 	(0,1)	-e	0.000014	-a	2	-i	3
-l	i	-t	30  	Cell	1 	(0,1)	-e	0.000014	-a	2	-i	3
-l	i	-t	0   	Cell	1 	(0,1)	-e	0.000014	-a	2	-i	3
-l	i	-t	1   	Cell	1 	(0,1)	-e	0.000014	-a	2	-i	3
-l	i	-t	2   	Cell	1 	(0,1)	-e	0.000014	-a	2	-i	3
-l	i	-t	3   	Cell	1 	(0,1)	-e	0.000014	-a	2	-i	3
-l	i	-t	4   	Cell	1 	(0,1)	-e	0.000014	-a	2	-i	3
-l	i	-t	5   	Cell	1 	(0,1)	-e	0.000014	-a	2	-i	3
-l	i	-t	6   	Cell	1 	(0,1)	-e	0.000014	-a	2	-i	3
-l	i	-t	7   	Cell	1 	(0,1)	-e	0.000014	-a	2	-i	3
-l	i	-t	8   	Cell	1 	(0,1)	-e	0.000014	-a	2	-i	3
-l	i	-t	9   	Cell	1 	(0,1)	-e	0.000014	-a	2	-i	3
-l	i	-t	10  	Cell	1 	(0,1)	-e	0.000014	-a	2	-i	3
-l	i	-t	11  	Cell	1 	(0,1)	-e	0.000014	-a	2	-i	3
-l	i	-t	12  	Cell	1 	(0,1)	-e	0.000014	-a	2	-i	3
-l	i	-t	13  	Cell	1 	(0,1)	-e	0.000014	-a	2	-i	3
-l	i	-t	14  	Cell	1 	(0,1)	-e	0.000014	-a	2	-i	3
-l	i	-t	15  	Cell	1 	(0,1)	-e	0.000014	-a	2	-i	3
-l	i	-t	16  	Cell	1 	(0,1)	-e	0.000014	-a	2	-i	3
-l	i	-t	17  	Cell	1 	(0,1)	-e	0.000014	-a	2	-i	3
-l	i	-t	18  	Cell	1 	(0,1)	-e	0.000014	-a	2	-i	3
-l	i	-t	19  	Cell	1 	(0,1)	-e	0.000014	-a	2	-i	3
-l	i	-t	20  	Cell	1 	(0,1)	-e	0.000014	-a	2	-i	3
-l	i	-t	21  	Cell	1 	(0,1)	-e	0.000014	-a	2	-i	3
-l	i	-t	22  	Cell	1 	(0,1)	-e	0.000014	-a	2	-i	3
-l	i	-t	23  	Cell	1 	(0,1)	-e	0.000014	-a	2	-i	3
-l	i	-t	24  	Cell	1 	(0,1)	-e	0.000014	-a	2	-i	3
-l	i	-t	25  	Cell	1 	(0,1)	-e	0.000014	-a	2	-i	3
-l	i	-t	26  	Cell	1 	(0,1)	-e	0.000014	-a	2	-i	3
-l	i	-t	27  	Cell	1 	(0,1)	-e	0.000014	-a	2	-i	3
-l	i	-t	28  	Cell	1 	(0,1)	-e	0.000014	-a	2	-i	3
-l	i	-t	29  	Cell	1 	(0,1)	-e	0.000014	-a	2	-i	3
-l	i	-t	30  	Cell	1 	(0,1)	-e	0.000014	-a	2	-i	3
-l	i	-t	0   	Cell	1 	(0,1)	-e	0.000014	-a	2	-i	3
-l	i	-t	1   	Cell	1 	(0,1)	-e	0.000014	-a	2	-i	3
-l	i	-t	2   	Cell	1 	(0,1)	-e	0.000014	-a	2	-i	3
-l	i	-t	3   	Cell	1 	(0,1)	-e	0.000014	-a	2	-i	3
-l	i	-t	4   	Cell	1 	(0,1)	-e	0.000014	-a	2	-i	3
-l	i	-t	5   	Cell	1 	(0,1)	-e	0.000014	-a	2	-i	3
-l	i	-t	6   	Cell	1 	(0,1)	-e	0.000014	-a	2	-i	3
-l	i	-t	7   	Cell	1 	(0,1)	-e	0.000014	-a	2	-i	3
-l	i	-t	8   	Cell	1 	(0,1)	-e	0.000014	-a	2	-i	3
-l	i	-t	9   	Cell	1 	(0,1)	-e	0.000014	-a	2	-i	3
-l	i	-t	10  	Cell	1 	(0,1)	-e	0.000014	-a	2	-i	3
-l	i	-t	11  	Cell	1 	(0,1)	-e	0.000014	-a	2	-i	3
-l	i	-t	12  	Cell	1 	(0,1)	-e	0.000014	-a	2	-i	3
-l	i	-t	13  	Cell	1 	(0,1)	-e	0.000014	-a	2	-i	3
-l	i	-t	14  	Cell	1 	(0,1)	-e	0.000014	-a	2	-i	3
-l	i	-t	15  	Cell	1 	(0,1)	-e	0.000014	-a	2	-i	3
-l	i	-t	16  	Cell	1 	(0,1)	-e	0.000014	-a	2	-i	3
-l	i	-t	17  	Cell	1 	(0,1)	-e	0.000014	-a	2	-i	3
-l	i	-t	18  	Cell	1 	(0,1)	-e	0.000014	-a	2	-i	3
-l	i	-t	19  	Cell	1 	(0,1)	-e	0.000014	-a	2	-i	3
-l	i	-t	20  	Cell	1 	(0,1)	-e	0.000014	-a	2	-i	3
-l	i	-t	21  	Cell	1 	(0,1)	-e	0.000014	-a	2	-i	3
-l	i	-t	22  	Cell	1 	(0,1)	-e	0.000014	-a	2	-i	3
-l	i	-t	23  	Cell	1 	(0,1)	-e	0.000014	-a	2	-i	3
-l	i	-t	24  	Cell	1 	(0,1)	-e	0.000014	-a	2	-i	3
-l	i	-t	25  	Cell	1 	(0,1)	-e	0.000014	-a	2	-i	3
-l	i	-t	26  	Cell	1 	(0,1)	-e	0.000014	-a	2	-i	3
-l	i	-t	27  	Cell	1 	(0,1)	-e	0.000014	-a	2	-i	3
-l	i	-t	28  	Cell	1 	(0,1)	-e	0.000014	-a	2	-i	3
-l	i	-t	29  	Cell	1 	(0,1)	-e	0.000014	-a	2	-i	3
-l	i	-t	30  	Cell	1 	(0,1)	-e	0.000014	-a	2	-i	3
-l	i	-t	0   	Cell	1 	(0,1)	-e	0.000014	-a	2	-i	3
-l	i	-t	1   	Cell	1 	(0,1)	-e	0.000014	-a	2	-i	3
-l	i	-t	2   	Cell	1 	(0,1)	-e	0.000014	-a	2	-i	3
-l	i	-t	3   	Cell	1 	(0,1)	-e	0.000014	-a	2	-i	3
-l	i	-t	4   	Cell	1 	(0,1)	-e	0.000014	-a	2	-i	3
-l	i	-t	5   	Cell	1 	(0,1)	-e	0.000014	-a	2	-i	3
-l	i	-t	6   	Cell	1 	(0,1)	-e	0.000014	-a	2	-i	3
-l	i	-t	7   	Cell	1 	(0,1)	-e	0.000014	-a	2	-i	3
-l	i	-t	8   	Cell	1 	(0,1)	-e	0.000014	-a	2	-i	3
-l	i	-t	9   	Cell	1 	(0,1)	-e	0.000014	-a	2	-i	3
-l	i	-t	10  	Cell	1 	(0,1)	-e	0.000014	-a	2	-i	3
-l	i	-t	11  	Cell	1 	(0,1)	-e	0.000014	-a	2	-i	3
-l	i	-t	12  	Cell	1 	(0,1)	-e	0.000014	-a	2	-i	3
-l	i	-t	13  	Cell	1 	(0,1)	-e	0.000014	-a	2	-i	3
-l	i	-t	14  	Cell	1 	(0,1)	-e	0.000014	-a	2	-i	3
-l	i	-t	15  	Cell	1 	(0,1)	-e	0.000014	-a	2	-i	3
-l	i	-t	16  	Cell	1 	(0,1)	-e	0.000014	-a	2	-i	3
-l	i	-t	17  	Cell	1 	(0,1)	-e	0.000014	-a	2	-i	3
-l	i	-t	18  	Cell	1 	(0,1)	-e	0.000014	-a	2	-i	3
-l	i	-t	19  	Cell	1 	(0,1)	-e	0.000014	-a	2	-i	3
-l	i	-t	20  	Cell	1 	(0,1)	-e	0.000014	-a	2	-i	3
-l	i	-t	21  	Cell	1 	(0,1)	-e	0.000014	-a	2	-i	3
-l	i	-t	22  	Cell	1 	(0,1)	-e	0.000014	-a	2	-i	3
-l	i	-t	23  	Cell	1 	(0,1)	-e	0.000014	-a	2	-i	3
-l	i	-t	24  	Cell	1 	(0,1)	-e	0.000014	-a	2	-i	3
-l	i	-t	25  	Cell	1 	(0,1)	-e	0.000014	-a	2	-i	3
-l	i	-t	26  	Cell	1 	(0,1)	-e	0.000014	-a	2	-i	3
-l	i	-t	27  	Cell	1 	(0,1)	-e	0.000014	-a	2	-i	3
-l	i	-t	28  	Cell	1 	(0,1)	-e	0.000014	-a	2	-i	3
-l	i	-t	29  	Cell	1 	(0,1)	-e	0.000014	-a	2	-i	3
-l	i	-t	30  	Cell	1 	(0,1)	-e	0.000014	-a	2	-i	3
-l	i	-t	0   	Cell	1 	(0,1)	-e	0.000014	-a	2	-i	3
-l	i	-t	1   	Cell	1 	(0,1)	-e	0.000014	-a	2	-i	3
-l	i	-t	2   	Cell	1 	(0,1)	-e	0.000014	-a	2	-i	3
-l	i	-t	3   	Cell	1 	(0,1)	-e	0.000014	-a	2	-i	3
-l	i	-t	4   	Cell	1 	(0,1)	-e	0.000014	-a	2	-i	3
-l	i	-t	5   	Cell	1 	(0,1)	-e	0.000014	-a	2	-i	3
-l	i	-t	6   	Cell	1 	(0,1)	-e	0.000014	-a	2	-i	3
-l	i	-t	7   	Cell	1 	(0,1)	-e	0.000014	-a	2	-i	3
-l	i	-t	8   	Cell	1 	(0,1)	-e	0.000014	-a	2	-i	3
-l	i	-t	9   	Cell	1 	(0,1)	-e	0.000014	-a	2	-i	3
-l	i	-t	10  	Cell	1 	(0,1)	-e	0.000014	-a	2	-i	3
-l	i	-t	11  	Cell	1 	(0,1)	-e	0.000014	-a	2	-i	3
-l	i	-t	12  	Cell	1 	(0,1)	-e	0.000014	-a	2	-i	3
-l	i	-t	13  	Cell	1 	(0,1)	-e	0.000014	-a	2	-i	3
-l	i	-t	14  	Cell	1 	(0,1)	-e	0.000014	-a	2	-i	3
-l	i	-t	15  	Cell	1 	(0,1)	-e	0.000014	-a	2	-i	3
-l	i	-t	16  	Cell	1 	(0,1)	-e	0.000014	-a	2	-i	3
-l	i	-t	17  	Cell	1 	(0,1)	-e	0.000014	-a	2	-i	3
-l	i	-t	18  	Cell	1 	(0,1)	-e	0.000014	-a	2	-i	3
-l	i	-t	19  	Cell	1 	(0,1)	-e	0.000014	-a	2	-i	3
-l	i	-t	20  	Cell	1 	(0,1)	-e	0.000014	-a	2	-i	3
-l	i	-t	21  	Cell	1 	(0,1)	-e	0.000014	-a	2	-i	3
-l	i	-t	22  	Cell	1 	(0,1)	-e	0.000014	-a	2	-i	3
-l	i	-t	23  	Cell	1 	(0,1)	-e	0.000014	-a	2	-i	3
-l	i	-t	24  	Cell	1 	(0,1)	-e	0.000014	-a	2	-i	3
-l	i	-t	25  	Cell	1 	(0,1)	-e	0.000014	-a	2	-i	3
-l	i	-t	26  	Cell	1 	(0,1)	-e	0.000014	-a	2	-i	3
-l	i	-t	27  	Cell	1 	(0,1)	-e	0.000014	-a	2	-i	3
-l	i	-t	28  	Cell	1 	(0,1)	-e	0.000014	-a	2	-i	3
-l	i	-t	29  	Cell	1 	(0,1)	-e	0.000014	-a	2	-i	3
-l	i	-t	30  	Cell	1 	(0,1)	-e	0.000014	-a	2	-i	3
-l	i	-t	0   	Cell	1 	(0,1)	-e	0.000014	-a	2	-i	3
-l	i	-t	1   	Cell	1 	(0,1)	-e	0.000014	-a	2	-i	3
-l	i	-t	2   	Cell	1 	(0,1)	-e	0.000014	-a	2	-i	3
-l	i	-t	3   	Cell	1 	(0,1)	-e	0.000014	-a	2	-i	3
-l	i	-t	4   	Cell	1 	(0,1)	-e	0.000014	-a	2	-i	3
-l	i	-t	5   	Cell	1 	(0,1)	-e	0.000014	-a	2	-i	3
-l	i	-t	6   	Cell	1 	(0,1)	-e	0.000014	-a	2	-i	3
-l	i	-t	7   	Cell	1 	(0,1)	-e	0.000014	-a	2	-i	3
-l	i	-t	8   	Cell	1 	(0,1)	-e	0.000014	-a	2	-i	3
-l	i	-t	9   	Cell	1 	(0,1)	-e	0.000014	-a	2	-i	3
-l	i	-t	10  	Cell	1 	(0,1)	-e	0.000014	-a	2	-i	3
-l	i	-t	11  	Cell	1 	(0,1)	-e	0.000014	-a	2	-i	3
-l	i	-t	12  	Cell	1 	(0,1)	-e	0.000014	-a	2	-i	3
-l	i	-t	13  	Cell	1 	(0,1)	-e	0.000014	-a	2	-i	3
-l	i	-t	14  	Cell	1 	(0,1)	-e	0.000014	-a	2	-i	3
-l	i	-t	15  	Cell	1 	(0,1)	-e	0.000014	-a	2	-i	3
-l	i	-t	16  	Cell	1 	(0,1)	-e	0.000014	-a	2	-i	3
-l	i	-t	17  	Cell	1 	(0,1)	-e	0.000014	-a	2	-i	3
-l	i	-t	18  	Cell	1 	(0,1)	-e	0.000014	-a	2	-i	3
-l	i	-t	19  	Cell	1 	(0,1)	-e	0.000014	-a	2	-i	3
-l	i	-t	20  	Cell	1 	(0,1)	-e	0.000014	-a	2	-i	3
-l	i	-t	21  	Cell	1 	(0,1)	-e	0.000014	-a	2	-i	3
-l	i	-t	22  	Cell	1 	(0,1)	-e	0.000014	-a	2	-i	3
-l	i	-t	23  	Cell	1 	(0,1)	-e	0.000014	-a	2	-i	3
-l	i	-t	24  	Cell	1 	(0,1)	-e	0.000014	-a	2	-i	3
-l	i	-t	25  	Cell	1 	(0,1)	-e	0.000014	-a	2	-i	3
-l	i	-t	26  	Cell	1 	(0,1)	-e	0.000014	-a	2	-i	3
-l	i	-t	27  	Cell	1 	(0,1)	-e	0.000014	-a	2	-i	3
-l	i	-t	28  	Cell	1 	(0,1)	-e	0.000014	-a	2	-i	3
-l	i	-t	29  	Cell	1 	(0,1)	-e	0.000014	-a	2	-i	3
-l	i	-t	30  	Cell	1 	(0,1)	-e	0.000014	-a	2	-i	3
-l	i	-t	0   	Cell	1 	(0,1)	-e	0.000014	-a	2	-i	3
-l	i	-t	1   	Cell	1 	(0,1)	-e	0.000014	-a	2	-i	3
-l	i	-t	2   	Cell	1 	(0,1)	-e	0.000014	-a	2	-i	3
-l	i	-t	3   	Cell	1 	(0,1)	-e	0.000014	-a	2	-i	3
-l	i	-t	4   	Cell	1 	(0,1)	-e	0.000014	-a	2	-i	3
-l	i	-t	5   	Cell	1 	(0,1)	-e	0.000014	-a	2	-i	3
-l	i	-t	6   	Cell	1 	(0,1)	-e	0.000014	-a	2	-i	3
-l	i	-t	7   	Cell	1 	(0,1)	-e	0.000014	-a	2	-i	3
-l	i	-t	8   	Cell	1 	(0,1)	-e	0.000014	-a	2	-i	3
-l	i	-t	9   	Cell	1 	(0,1)	-e	0.000014	-a	2	-i	3
-l	i	-t	10  	Cell	1 	(0,1)	-e	0.000014	-a	2	-i	3
-l	i	-t	11  	Cell	1 	(0,1)	-e	0.000014	-a	2	-i	3
-l	i	-t	12  	Cell	1 	(0,1)	-e	0.000014	-a	2	-i	3
-l	i	-t	13  	Cell	1 	(0,1)	-e	0.000014	-a	2	-i	3
-l	i	-t	14  	Cell	1 	(0,1)	-e	0.000014	-a	2	-i	3
-l	i	-t	15  	Cell	1 	(0,1)	-e	0.000014	-a	2	-i	3
-l	i	-t	16  	Cell	1 	(0,1)	-e	0.000014	-a	2	-i	3
-l	i	-t	17  	Cell	1 	(0,1)	-e	0.000014	-a	2	-i	3
-l	i	-t	18  	Cell	1 	(0,1)	-e	0.000014	-a	2	-i	3
-l	i	-t	19  	Cell	1 	(0,1)	-e	0.000014	-a	2	-i	3
-l	i	-t	20  	Cell	1 	(0,1)	-e	0.000014	-a	2	-i	3
-l	i	-t	21  	Cell	1 	(0,1)	-e	0.000014	-a	2	-i	3
-l	i	-t	22  	Cell	1 	(0,1)	-e	0.000014	-a	2	-i	3
-l	i	-t	23  	Cell	1 	(0,1)	-e	0.000014	-a	2	-i	3
-l	i	-t	24  	Cell	1 	(0,1)	-e	0.000014	-a	2	-i	3
-l	i	-t	25  	Cell	1 	(0,1)	-e	0.000014	-a	2	-i	3
-l	i	-t	26  	Cell	1 	(0,1)	-e	0.000014	-a	2	-i	3
-l	i	-t	27  	Cell	1 	(0,1)	-e	0.000014	-a	2	-i	3
-l	i	-t	28  	Cell	1 	(0,1)	-e	0.000014	-a	2	-i	3
-l	i	-t	29  	Cell	1 	(0,1)	-e	0.000014	-a	2	-i	3
-l	i	-t	30  	Cell	1 	(0,1)	-e	0.000014	-a	2	-i	3
-l	i	-t	0   	Cell	1 	(0,1)	-e	0.000014	-a	2	-i	3
-l	i	-t	1   	Cell	1 	(0,1)	-e	0.000014	-a	2	-i	3
-l	i	-t	2   	Cell	1 	(0,1)	-e	0.000014	-a	2	-i	3
-l	i	-t	3   	Cell	1 	(0,1)	-e	0.000014	-a	2	-i	3
-l	i	-t	4   	Cell	1 	(0,1)	-e	0.000014	-a	2	-i	3
-l	i	-t	5   	Cell	1 	(0,1)	-e	0.000014	-a	2	-i	3
-l	i	-t	6   	Cell	1 	(0,1)	-e	0.000014	-a	2	-i	3
-l	i	-t	7   	Cell	1 	(0,1)	-e	0.000014	-a	2	-i	3
-l	i	-t	8   	Cell	1 	(0,1)	-e	0.000014	-a	2	-i	3
-l	i	-t	9   	Cell	1 	(0,1)	-e	0.000014	-a	2	-i	3
-l	i	-t	10  	Cell	1 	(0,1)	-e	0.000014	-a	2	-i	3
-l	i	-t	11  	Cell	1 	(0,1)	-e	0.000014	-a	2	-i	3
-l	i	-t	12  	Cell	1 	(0,1)	-e	0.000014	-a	2	-i	3
-l	i	-t	13  	Cell	1 	(0,1)	-e	0.000014	-a	2	-i	3
-l	i	-t	14  	Cell	1 	(0,1)	-e	0.000014	-a	2	-i	3
-l	i	-t	15  	Cell	1 	(0,1)	-e	0.000014	-a	2	-i	3
-l	i	-t	16  	Cell	1 	(0,1)	-e	0.000014	-a	2	-i	3
-l	i	-t	17  	Cell	1 	(0,1)	-e	0.000014	-a	2	-i	3
-l	i	-t	18  	Cell	1 	(0,1)	-e	0.000014	-a	2	-i	3
-l	i	-t	19  	Cell	1 	(0,1)	-e	0.000014	-a	2	-i	3
-l	i	-t	20  	Cell	1 	(0,1)	-e	0.000014	-a	2	-i	3
-l	i	-t	21  	Cell	1 	(0,1)	-e	0.000014	-a	2	-i	3
-l	i	-t	22  	Cell	1 	(0,1)	-e	0.000014	-a	2	-i	3
-l	i	-t	23  	Cell	1 	(0,1)	-e	0.000014	-a	2	-i	3
-l	i	-t	24  	Cell	1 	(0,1)	-e	0.000014	-a	2	-i	3
-l	i	-t	25  	Cell	1 	(0,1)	-e	0.000014	-a	2	-i	3
-l	i	-t	26  	Cell	1 	(0,1)	-e	0.000014	-a	2	-i	3
-l	i	-t	27  	Cell	1 	(0,1)	-e	0.000014	-a	2	-i	3
-l	i	-t	28  	Cell	1 	(0,1)	-e	0.000014	-a	2	-i	3
-l	i	-t	29  	Cell	1 	(0,1)	-e	0.000014	-a	2	-i	3
-l	i	-t	30  	Cell	1 	(0,1)	-e	0.000014	-a	2	-i	3
-l	i	-t	0   	Cell	1 	(0,1)	-e	0.000014	-a	2	-i	3
-l	i	-t	1   	Cell	1 	(0,1)	-e	0.000014	-a	2	-i	3
-l	i	-t	2   	Cell	1 	(0,1)	-e	0.000014	-a	2	-i	3
-l	i	-t	3   	Cell	1 	(0,1)	-e	0.000014	-a	2	-i	3
-l	i	-t	4   	Cell	1 	(0,1)	-e	0.000014	-a	2	-i	3
-l	i	-t	5   	Cell	1 	(0,1)	-e	0.000014	-a	2	-i	3
-l	i	-t	6   	Cell	1 	(0,1)	-e	0.000014	-a	2	-i	3
-l	i	-t	7   	Cell	1 	(0,1)	-e	0.000014	-a	2	-i	3
-l	i	-t	8   	Cell	1 	(0,1)	-e	0.000014	-a	2	-i	3
-l	i	-t	9   	Cell	1 	(0,1)	-e	0.000014	-a	2	-i	3
-l	i	-t	10  	Cell	1 	(0,1)	-e	0.000014	-a	2	-i	3
-l	i	-t	11  	Cell	1 	(0,1)	-e	0.000014	-a	2	-i	3
-l	i	-t	12  	Cell	1 	(0,1)	-e	0.000014	-a	2	-i	3
-l	i	-t	13  	Cell	1 	(0,1)	-e	0.000014	-a	2	-i	3
-l	i	-t	14  	Cell	1 	(0,1)	-e	0.000014	-a	2	-i	3
-l	i	-t	15  	Cell	1 	(0,1)	-e	0.000014	-a	2	-i	3
-l	i	-t	16  	Cell	1 	(0,1)	-e	0.000014	-a	2	-i	3
-l	i	-t	17  	Cell	1 	(0,1)	-e	0.000014	-a	2	-i	3
-l	i	-t	18  	Cell	1 	(0,1)	-e	0.000014	-a	2	-i	3
-l	i	-t	19  	Cell	1 	(0,1)	-e	0.000014	-a	2	-i	3
-l	i	-t	20  	Cell	1 	(0,1)	-e	0.000014	-a	2	-i	3
-l	i	-t	21  	Cell	1 	(0,1)	-e	0.000014	-a	2	-i	3
-l	i	-t	22  	Cell	1 	(0,1)	-e	0.000014	-a	2	-i	3
-l	i	-t	23  	Cell	1 	(0,1)	-e	0.000014	-a	2	-i	3
-l	i	-t	24  	Cell	1 	(0,1)	-e	0.000014	-a	2	-i	3
-l	i	-t	25  	Cell	1 	(0,1)	-e	0.000014	-a	2	-i	3
-l	i	-t	26  	Cell	1 	(0,1)	-e	0.000014	-a	2	-i	3
-l	i	-t	27  	Cell	1 	(0,1)	-e	0.000014	-a	2	-i	3
-l	i	-t	28  	Cell	1 	(0,1)	-e	0.000014	-a	2	-i	3
-l	i	-t	29  	Cell	1 	(0,1)	-e	0.000014	-a	2	-i	3
-l	i	-t	30  	Cell	1 	(0,1)	-e	0.000014	-a	2	-i	3
-l	i	-t	0   	Cell	1 	(0,1)	-e	0.000014	-a	2	-i	3
-l	i	-t	1   	Cell	1 	(0,1)	-e	0.000014	-a	2	-i	3
-l	i	-t	2   	Cell	1 	(0,1)	-e	0.000014	-a	2	-i	3
-l	i	-t	3   	Cell	1 	(0,1)	-e	0.000014	-a	2	-i	3
-l	i	-t	4   	Cell	1 	(0,1)	-e	0.000014	-a	2	-i	3
-l	i	-t	5   	Cell	1 	(0,1)	-e	0.000014	-a	2	-i	3
-l	i	-t	6   	Cell	1 	(0,1)	-e	0.000014	-a	2	-i	3
-l	i	-t	7   	Cell	1 	(0,1)	-e	0.000014	-a	2	-i	3
-l	i	-t	8   	Cell	1 	(0,1)	-e	0.000014	-a	2	-i	3
-l	i	-t	9   	Cell	1 	(0,1)	-e	0.000014	-a	2	-i	3
-l	i	-t	10  	Cell	1 	(0,1)	-e	0.000014	-a	2	-i	3
-l	i	-t	11  	Cell	1 	(0,1)	-e	0.000014	-a	2	-i	3
-l	i	-t	12  	Cell	1 	(0,1)	-e	0.000014	-a	2	-i	3
-l	i	-t	13  	Cell	1 	(0,1)	-e	0.000014	-a	2	-i	3
-l	i	-t	14  	Cell	1 	(0,1)	-e	0.000014	-a	2	-i	3
-l	i	-t	15  	Cell	1 	(0,1)	-e	0.000014	-a	2	-i	3
-l	i	-t	16  	Cell	1 	(0,1)	-e	0.000014	-a	2	-i	3
-l	i	-t	17  	Cell	1 	(0,1)	-e	0.000014	-a	2	-i	3
-l	i	-t	18  	Cell	1 	(0,1)	-e	0.000014	-a	2	-i	3
-l	i	-t	19  	Cell	1 	(0,1)	-e	0.000014	-a	2	-i	3
-l	i	-t	20  	Cell	1 	(0,1)	-e	0.000014	-a	2	-i	3
-l	i	-t	21  	Cell	1 	(0,1)	-e	0.000014	-a	2	-i	3
-l	i	-t	22  	Cell	1 	(0,1)	-e	0.000014	-a	2	-i	3
-l	i	-t	23  	Cell	1 	(0,1)	-e	0.000014	-a	2	-i	3
-l	i	-t	24  	Cell	1 	(0,1)	-e	0.000014	-a	2	-i	3
-l	i	-t	25  	Cell	1 	(0,1)	-e	0.000014	-a	2	-i	3
-l	i	-t	26  	Cell	1 	(0,1)	-e	0.000014	-a	2	-i	3
-l	i	-t	27  	Cell	1 	(0,1)	-e	0.000014	-a	2	-i	3
-l	i	-t	28  	Cell	1 	(0,1)	-e	0.000014	-a	2	-i	3
-l	i	-t	29  	Cell	1 	(0,1)	-e	0.000014	-a	2	-i	3
-l	i	-t	30  	Cell	1 	(0,1)	-e	0.000014	-a	2	-i	3
-l	i	-t	0   	Cell	1 	(0,1)	-e	0.000014	-a	2	-i	3
-l	i	-t	1   	Cell	1 	(0,1)	-e	0.000014	-a	2	-i	3
-l	i	-t	2   	Cell	1 	(0,1)	-e	0.000014	-a	2	-i	3
-l	i	-t	3   	Cell	1 	(0,1)	-e	0.000014	-a	2	-i	3
-l	i	-t	4   	Cell	1 	(0,1)	-e	0.000014	-a	2	-i	3
-l	i	-t	5   	Cell	1 	(0,1)	-e	0.000014	-a	2	-i	3
-l	i	-t	6   	Cell	1 	(0,1)	-e	0.000014	-a	2	-i	3
-l	i	-t	7   	Cell	1 	(0,1)	-e	0.000014	-a	2	-i	3
-l	i	-t	8   	Cell	1 	(0,1)	-e	0.000014	-a	2	-i	3
-l	i	-t	9   	Cell	1 	(0,1)	-e	0.000014	-a	2	-i	3
-l	i	-t	10  	Cell	1 	(0,1)	-e	0.000014	-a	2	-i	3
-l	i	-t	11  	Cell	1 	(0,1)	-e	0.000014	-a	2	-i	3
-l	i	-t	12  	Cell	1 	(0,1)	-e	0.000014	-a	2	-i	3
-l	i	-t	13  	Cell	1 	(0,1)	-e	0.000014	-a	2	-i	3
-l	i	-t	14  	Cell	1 	(0,1)	-e	0.000014	-a	2	-i	3
-l	i	-t	15  	Cell	1 	(0,1)	-e	0.000014	-a	2	-i	3
-l	i	-t	16  	Cell	1 	(0,1)	-e	0.000014	-a	2	-i	3
-l	i	-t	17  	Cell	1 	(0,1)	-e	0.000014	-a	2	-i	3
-l	i	-t	18  	Cell	1 	(0,1)	-e	0.000014	-a	2	-i	3
-l	i	-t	19  	Cell	1 	(0,1)	-e	0.000014	-a	2	-i	3
-l	i	-t	20  	Cell	1 	(0,1)	-e	0.000014	-a	2	-i	3
-l	i	-t	21  	Cell	1 	(0,1)	-e	0.000014	-a	2	-i	3
-l	i	-t	22  	Cell	1 	(0,1)	-e	0.000014	-a	2	-i	3
-l	i	-t	23  	Cell	1 	(0,1)	-e	0.000014	-a	2	-i	3
-l	i	-t	24  	Cell	1 	(0,1)	-e	0.000014	-a	2	-i	3
-l	i	-t	25  	Cell	1 	(0,1)	-e	0.000014	-a	2	-i	3
-l	i	-t	26  	Cell	1 	(0,1)	-e	0.000014	-a	2	-i	3
-l	i	-t	27  	Cell	1 	(0,1)	-e	0.000014	-a	2	-i	3
-l	i	-t	28  	Cell	1 	(0,1)	-e	0.000014	-a	2	-i	3
-l	i	-t	29  	Cell	1 	(0,1)	-e	0.000014	-a	2	-i	3
-l	i	-t	30  	Cell	1 	(0,1)	-e	0.000014	-a	2	-i	3
-l	i	-t	0   	Cell	1 	(0,1)	-e	0.000014	-a	2	-i	3
-l	i	-t	1   	Cell	1 	(0,1)	-e	0.000014	-a	2	-i	3
-l	i	-t	2   	Cell	1 	(0,1)	-e	0.000014	-a	2	-i	3
-l	i	-t	3   	Cell	1 	(0,1)	-e	0.000014	-a	2	-i	3
-l	i	-t	4   	Cell	1 	(0,1)	-e	0.000014	-a	2	-i	3
-l	i	-t	5   	Cell	1 	(0,1)	-e	0.000014	-a	2	-i	3
-l	i	-t	6   	Cell	1 	(0,1)	-e	0.000014	-a	2	-i	3
-l	i	-t	7   	Cell	1 	(0,1)	-e	0.000014	-a	2	-i	3
-l	i	-t	8   	Cell	1 	(0,1)	-e	0.000014	-a	2	-i	3
-l	i	-t	9   	Cell	1 	(0,1)	-e	0.000014	-a	2	-i	3
-l	i	-t	10  	Cell	1 	(0,1)	-e	0.000014	-a	2	-i	3
-l	i	-t	11  	Cell	1 	(0,1)	-e	0.000014	-a	2	-i	3
-l	i	-t	12  	Cell	1 	(0,1)	-e	0.000014	-a	2	-i	3
-l	i	-t	13  	Cell	1 	(0,1)	-e	0.000014	-a	2	-i	3
-l	i	-t	14  	Cell	1 	(0,1)	-e	0.000014	-a	2	-i	3
-l	i	-t	15  	Cell	1 	(0,1)	-e	0.000014	-a	2	-i	3
-l	i	-t	16  	Cell	1 	(0,1)	-e	0.000014	-a	2	-i	3
-l	i	-t	17  	Cell	1 	(0,1)	-e	0.000014	-a	2	-i	3
-l	i	-t	18  	Cell	1 	(0,1)	-e	0.000014	-a	2	-i	3
-l	i	-t	19  	Cell	1 	(0,1)	-e	0.000014	-a	2	-i	3
-l	i	-t	20  	Cell	1 	(0,1)	-e	0.000014	-a	2	-i	3
-l	i	-t	21  	Cell	1 	(0,1)	-e	0.000014	-a	2	-i	3
-l	i	-t	22  	Cell	1 	(0,1)	-e	0.000014	-a	2	-i	3
-l	i	-t	23  	Cell	1 	(0,1)	-e	0.000014	-a	2	-i	3
-l	i	-t	24  	Cell	1 	(0,1)	-e	0.000014	-a	2	-i	3
-l	i	-t	25  	Cell	1 	(0,1)	-e	0.000014	-a	2	-i	3
-l	i	-t	26  	Cell	1 	(0,1)	-e	0.000014	-a	2	-i	3
-l	i	-t	27  	Cell	1 	(0,1)	-e	0.000014	-a	2	-i	3
-l	i	-t	28  	Cell	1 	(0,1)	-e	0.000014	-a	2	-i	3
-l	i	-t	29  	Cell	1 	(0,1)	-e	0.000014	-a	2	-i	3
-l	i	-t	30  	Cell	1 	(0,1)	-e	0.000014	-a	2	-i	3
-l	i	-t	0   	Cell	1 	(0,1)	-e	0.000014	-a	2	-i	3
-l	i	-t	1   	Cell	1 	(0,1)	-e	0.000014	-a	2	-i	3
-l	i	-t	2   	Cell	1 	(0,1)	-e	0.000014	-a	2	-i	3
-l	i	-t	3   	Cell	1 	(0,1)	-e	0.000014	-a	2	-i	3
-l	i	-t	4   	Cell	1 	(0,1)	-e	0.000014	-a	2	-i	3
-l	i	-t	5   	Cell	1 	(0,1)	-e	0.000014	-a	2	-i	3
-l	i	-t	6   	Cell	1 	(0,1)	-e	0.000014	-a	2	-i	3
-l	i	-t	7   	Cell	1 	(0,1)	-e	0.000014	-a	2	-i	3
-l	i	-t	8   	Cell	1 	(0,1)	-e	0.000014	-a	2	-i	3
-l	i	-t	9   	Cell	1 	(0,1)	-e	0.000014	-a	2	-i	3
-l	i	-t	10  	Cell	1 	(0,1)	-e	0.000014	-a	2	-i	3
-l	i	-t	11  	Cell	1 	(0,1)	-e	0.000014	-a	2	-i	3
-l	i	-t	12  	Cell	1 	(0,1)	-e	0.000014	-a	2	-i	3
-l	i	-t	13  	Cell	1 	(0,1)	-e	0.000014	-a	2	-i	3
-l	i	-t	14  	Cell	1 	(0,1)	-e	0.000014	-a	2	-i	3
-l	i	-t	15  	Cell	1 	(0,1)	-e	0.000014	-a	2	-i	3
-l	i	-t	16  	Cell	1 	(0,1)	-e	0.000014	-a	2	-i	3
-l	i	-t	17  	Cell	1 	(0,1)	-e	0.000014	-a	2	-i	3
-l	i	-t	18  	Cell	1 	(0,1)	-e	0.000014	-a	2	-i	3
-l	i	-t	19  	Cell	1 	(0,1)	-e	0.000014	-a	2	-i	3
-l	i	-t	20  	Cell	1 	(0,1)	-e	0.000014	-a	2	-i	3
-l	i	-t	21  	Cell	1 	(0,1)	-e	0.000014	-a	2	-i	3
-l	i	-t	22  	Cell	1 	(0,1)	-e	0.000014	-a	2	-i	3
-l	i	-t	23  	Cell	1 	(0,1)	-e	0.000014	-a	2	-i	3
-l	i	-t	24  	Cell	1 	(0,1)	-e	0.000014	-a	2	-i	3
-l	i	-t	25  	Cell	1 	(0,1)	-e	0.000014	-a	2	-i	3
-l	i	-t	26  	Cell	1 	(0,1)	-e	0.000014	-a	2	-i	3
-l	i	-t	27  	Cell	1 	(0,1)	-e	0.000014	-a	2	-i	3
-l	i	-t	28  	Cell	1 	(0,1)	-e	0.000014	-a	2	-i	3
-l	i	-t	29  	Cell	1 	(0,1)	-e	0.000014	-a	2	-i	3
-l	i	-t	30  	Cell	1 	(0,1)	-e	0.000014	-a	2	-i	3
-l	i	-t	0   	Cell	1 	(0,1)	-e	0.000014	-a	2	-i	3
-l	i	-t	1   	Cell	1 	(0,1)	-e	0.000014	-a	2	-i	3
-l	i	-t	2   	Cell	1 	(0,1)	-e	0.000014	-a	2	-i	3
-l	i	-t	3   	Cell	1 	(0,1)	-e	0.000014	-a	2	-i	3
-l	i	-t	4   	Cell	1 	(0,1)	-e	0.000014	-a	2	-i	3
-l	i	-t	5   	Cell	1 	(0,1)	-e	0.000014	-a	2	-i	3
-l	i	-t	6   	Cell	1 	(0,1)	-e	0.000014	-a	2	-i	3
-l	i	-t	7   	Cell	1 	(0,1)	-e	0.000014	-a	2	-i	3
-l	i	-t	8   	Cell	1 	(0,1)	-e	0.000014	-a	2	-i	3
-l	i	-t	9   	Cell	1 	(0,1)	-e	0.000014	-a	2	-i	3
-l	i	-t	10  	Cell	1 	(0,1)	-e	0.000014	-a	2	-i	3
-l	i	-t	11  	Cell	1 	(0,1)	-e	0.000014	-a	2	-i	3
-l	i	-t	12  	Cell	1 	(0,1)	-e	0.000014	-a	2	-i	3
-l	i	-t	13  	Cell	1 	(0,1)	-e	0.000014	-a	2	-i	3
-l	i	-t	14  	Cell	1 	(0,1)	-e	0.000014	-a	2	-i	3
-l	i	-t	15  	Cell	1 	(0,1)	-e	0.000014	-a	2	-i	3
-l	i	-t	16  	Cell	1 	(0,1)	-e	0.000014	-a	2	-i	3
-l	i	-t	17  	Cell	1 	(0,1)	-e	0.000014	-a	2	-i	3
-l	i	-t	18  	Cell	1 	(0,1)	-e	0.000014	-a	2	-i	3
-l	i	-t	19  	Cell	1 	(0,1)	-e	0.000014	-a	2	-i	3
-l	i	-t	20  	Cell	1 	(0,1)	-e	0.000014	-a	2	-i	3
-l	i	-t	21  	Cell	1 	(0,1)	-e	0.000014	-a	2	-i	3
-l	i	-t	22  	Cell	1 	(0,1)	-e	0.000014	-a	2	-i	3
-l	i	-t	23  	Cell	1 	(0,1)	-e	0.000014	-a	2	-i	3
-l	i	-t	24  	Cell	1 	(0,1)	-e	0.000014	-a	2	-i	3
-l	i	-t	25  	Cell	1 	(0,1)	-e	0.000014	-a	2	-i	3
-l	i	-t	26  	Cell	1 	(0,1)	-e	0.000014	-a	2	-i	3
-l	i	-t	27  	Cell	1 	(0,1)	-e	0.000014	-a	2	-i	3
-l	i	-t	28  	Cell	1 	(0,1)	-e	0.000014	-a	2	-i	3
-l	i	-t	29  	Cell	1 	(0,1)	-e	0.000014	-a	2	-i	3
-l	i	-t	30  	Cell	1 	(0,1)	-e	0.000014	-a	2	-i	3
-l	i	-t	0   	Cell	1 	(0,1)	-e	0.000014	-a	2	-i	3
-l	i	-t	1   	Cell	1 	(0,1)	-e	0.000014	-a	2	-i	3
-l	i	-t	2   	Cell	1 	(0,1)	-e	0.000014	-a	2	-i	3
-l	i	-t	3   	Cell	1 	(0,1)	-e	0.000014	-a	2	-i	3
-l	i	-t	4   	Cell	1 	(0,1)	-e	0.000014	-a	2	-i	3
-l	i	-t	5   	Cell	1 	(0,1)	-e	0.000014	-a	2	-i	3
-l	i	-t	6   	Cell	1 	(0,1)	-e	0.000014	-a	2	-i	3
-l	i	-t	7   	Cell	1 	(0,1)	-e	0.000014	-a	2	-i	3
-l	i	-t	8   	Cell	1 	(0,1)	-e	0.000014	-a	2	-i	3
-l	i	-t	9   	Cell	1 	(0,1)	-e	0.000014	-a	2	-i	3
-l	i	-t	10  	Cell	1 	(0,1)	-e	0.000014	-a	2	-i	3
-l	i	-t	11  	Cell	1 	(0,1)	-e	0.000014	-a	2	-i	3
-l	i	-t	12  	Cell	1 	(0,1)	-e	0.000014	-a	2	-i	3
-l	i	-t	13  	Cell	1 	(0,1)	-e	0.000014	-a	2	-i	3
-l	i	-t	14  	Cell	1 	(0,1)	-e	0.000014	-a	2	-i	3
-l	i	-t	15  	Cell	1 	(0,1)	-e	0.000014	-a	2	-i	3
-l	i	-t	16  	Cell	1 	(0,1)	-e	0.000014	-a	2	-i	3
-l	i	-t	17  	Cell	1 	(0,1)	-e	0.000014	-a	2	-i	3
-l	i	-t	18  	Cell	1 	(0,1)	-e	0.000014	-a	2	-i	3
-l	i	-t	19  	Cell	1 	(0,1)	-e	0.000014	-a	2	-i	3
-l	i	-t	20  	Cell	1 	(0,1)	-e	0.000014	-a	2	-i	3
-l	i	-t	21  	Cell	1 	(0,1)	-e	0.000014	-a	2	-i	3
-l	i	-t	22  	Cell	1 	(0,1)	-e	0.000014	-a	2	-i	3
-l	i	-t	23  	Cell	1 	(0,1)	-e	0.000014	-a	2	-i	3
-l	i	-t	24  	Cell	1 	(0,1)	-e	0.000014	-a	2	-i	3
-l	i	-t	25  	Cell	1 	(0,1)	-e	0.000014	-a	2	-i	3
-l	i	-t	26  	Cell	1 	(0,1)	-e	0.000014	-a	2	-i	3
-l	i	-t	27  	Cell	1 	(0,1)	-e	0.000014	-a	2	-i	3
-l	i	-t	28  	Cell	1 	(0,1)	-e	0.000014	-a	2	-i	3
-l	i	-t	29  	Cell	1 	(0,1)	-e	0.000014	-a	2	-i	3
-l	i	-t	30  	Cell	1 	(0,1)	-e	0.000014	-a	2	-i	3
-l	i	-t	0   	Cell	1 	(0,1)	-e	0.000014	-a	2	-i	3
-l	i	-t	1   	Cell	1 	(0,1)	-e	0.000014	-a	2	-i	3
-l	i	-t	2   	Cell	1 	(0,1)	-e	0.000014	-a	2	-i	3
-l	i	-t	3   	Cell	1 	(0,1)	-e	0.000014	-a	2	-i	3
-l	i	-t	4   	Cell	1 	(0,1)	-e	0.000014	-a	2	-i	3
-l	i	-t	5   	Cell	1 	(0,1)	-e	0.000014	-a	2	-i	3
-l	i	-t	6   	Cell	1 	(0,1)	-e	0.000014	-a	2	-i	3
-l	i	-t	7   	Cell	1 	(0,1)	-e	0.000014	-a	2	-i	3
-l	i	-t	8   	Cell	1 	(0,1)	-e	0.000014	-a	2	-i	3
-l	i	-t	9   	Cell	1 	(0,1)	-e	0.000014	-a	2	-i	3
-l	i	-t	10  	Cell	1 	(0,1)	-e	0.000014	-a	2	-i	3
-l	i	-t	11  	Cell	1 	(0,1)	-e	0.000014	-a	2	-i	3
-l	i	-t	12  	Cell	1 	(0,1)	-e	0.000014	-a	2	-i	3
-l	i	-t	13  	Cell	1 	(0,1)	-e	0.000014	-a	2	-i	3
-l	i	-t	14  	Cell	1 	(0,1)	-e	0.000014	-a	2	-i	3
-l	i	-t	15  	Cell	1 	(0,1)	-e	0.000014	-a	2	-i	3
-l	i	-t	16  	Cell	1 	(0,1)	-e	0.000014	-a	2	-i	3
-l	i	-t	17  	Cell	1 	(0,1)	-e	0.000014	-a	2	-i	3
-l	i	-t	18  	Cell	1 	(0,1)	-e	0.000014	-a	2	-i	3
-l	i	-t	19  	Cell	1 	(0,1)	-e	0.000014	-a	2	-i	3
-l	i	-t	20  	Cell	1 	(0,1)	-e	0.000014	-a	2	-i	3
-l	i	-t	21  	Cell	1 	(0,1)	-e	0.000014	-a	2	-i	3
-l	i	-t	22  	Cell	1 	(0,1)	-e	0.000014	-a	2	-i	3
-l	i	-t	23  	Cell	1 	(0,1)	-e	0.000014	-a	2	-i	3
-l	i	-t	24  	Cell	1 	(0,1)	-e	0.000014	-a	2	-i	3
-l	i	-t	25  	Cell	1 	(0,1)	-e	0.000014	-a	2	-i	3
-l	i	-t	26  	Cell	1 	(0,1)	-e	0.000014	-a	2	-i	3
-l	i	-t	27  	Cell	1 	(0,1)	-e	0.000014	-a	2	-i	3
-l	i	-t	28  	Cell	1 	(0,1)	-e	0.000014	-a	2	-i	3
-l	i	-t	29  	Cell	1 	(0,1)	-e	0.000014	-a	2	-i	3
-l	i	-t	30  	Cell	1 	(0,1)	-e	0.000014	-a	2	-i	3
-l	i	-t	0   	Cell	1 	(0,1)	-e	0.000014	-a	2	-i	3
-l	i	-t	1   	Cell	1 	(0,1)	-e	0.000014	-a	2	-i	3
-l	i	-t	2   	Cell	1 	(0,1)	-e	0.000014	-a	2	-i	3
-l	i	-t	3   	Cell	1 	(0,1)	-e	0.000014	-a	2	-i	3
-l	i	-t	4   	Cell	1 	(0,1)	-e	0.000014	-a	2	-i	3
-l	i	-t	5   	Cell	1 	(0,1)	-e	0.000014	-a	2	-i	3
-l	i	-t	6   	Cell	1 	(0,1)	-e	0.000014	-a	2	-i	3
-l	i	-t	7   	Cell	1 	(0,1)	-e	0.000014	-a	2	-i	3
-l	i	-t	8   	Cell	1 	(0,1)	-e	0.000014	-a	2	-i	3
-l	i	-t	9   	Cell	1 	(0,1)	-e	0.000014	-a	2	-i	3
-l	i	-t	10  	Cell	1 	(0,1)	-e	0.000014	-a	2	-i	3
-l	i	-t	11  	Cell	1 	(0,1)	-e	0.000014	-a	2	-i	3
-l	i	-t	12  	Cell	1 	(0,1)	-e	0.000014	-a	2	-i	3
-l	i	-t	13  	Cell	1 	(0,1)	-e	0.000014	-a	2	-i	3
-l	i	-t	14  	Cell	1 	(0,1)	-e	0.000014	-a	2	-i	3
-l	i	-t	15  	Cell	1 	(0,1)	-e	0.000014	-a	2	-i	3
-l	i	-t	16  	Cell	1 	(0,1)	-e	0.000014	-a	2	-i	3
-l	i	-t	17  	Cell	1 	(0,1)	-e	0.000014	-a	2	-i	3
-l	i	-t	18  	Cell	1 	(0,1)	-e	0.000014	-a	2	-i	3
-l	i	-t	19  	Cell	1 	(0,1)	-e	0.000014	-a	2	-i	3
-l	i	-t	20  	Cell	1 	(0,1)	-e	0.000014	-a	2	-i	3
-l	i	-t	21  	Cell	1 	(0,1)	-e	0.000014	-a	2	-i	3
-l	i	-t	22  	Cell	1 	(0,1)	-e	0.000014	-a	2	-i	3
-l	i	-t	23  	Cell	1 	(0,1)	-e	0.000014	-a	2	-i	3
-l	i	-t	24  	Cell	1 	(0,1)	-e	0.000014	-a	2	-i	3
-l	i	-t	25  	Cell	1 	(0,1)	-e	0.000014	-a	2	-i	3
-l	i	-t	26  	Cell	1 	(0,1)	-e	0.000014	-a	2	-i	3
-l	i	-t	27  	Cell	1 	(0,1)	-e	0.000014	-a	2	-i	3
-l	i	-t	28  	Cell	1 	(0,1)	-e	0.000014	-a	2	-i	3
-l	i	-t	29  	Cell	1 	(0,1)	-e	0.000014	-a	2	-i	3
-l	i	-t	30  	Cell	1 	(0,1)	-e	0.000014	-a	2	-i	3
