-l	i	-t	0   	Cell	0 	(0,0)	-e	7.237161	-a	2	-i	3
-l	i	-t	1   	Cell	0 	(0,0)	-e	4.872827	-a	2	-i	3
-l	i	-t	2   	Cell	0 	(0,0)	-e	0.817406	-a	2	-i	3
-l	i	-t	3   	Cell	0 	(0,0)	-e	0.174038	-a	2	-i	3
-l	i	-t	4   	Cell	0 	(0,0)	-e	0.134346	-a	2	-i	3
-l	i	-t	5   	Cell	0 	(0,0)	-e	0.076761	-a	2	-i	3
-l	i	-t	6   	Cell	0 	(0,0)	-e	0.003257	-a	2	-i	3
-l	i	-t	7   	Cell	0 	(0,0)	-e	0.001177	-a	2	-i	3
-l	i	-t	8   	Cell	0 	(0,0)	-e	0.000017	-a	2	-i	3
-l	i	-t	9   	Cell	0 	(0,0)	-e	0.000000	-a	2	-i	3
-l	i	-t	10  	Cell	0 	(0,0)	-e	0.000000	-a	2	-i	3
-l	i	-t	11  	Cell	0 	(0,0)	-e	0.000000	-a	2	-i	3
-l	i	-t	12  	Cell	0 	(0,0)	-e	0.000000	-a	2	-i	3
-l	i	-t	13  	Cell	0 	(0,0)	-e	0.000000	-a	2	-i	3
-l	i	-t	14  	Cell	0 	(0,0)	-e	0.000000	-a	2	-i	3
-l	i	-t	15  	Cell	0 	(0,0)	-e	0.000000	-a	2	-i	3
-l	i	-t	16  	Cell	0 	(0,0)	-e	0.000000	-a	2	-i	3
-l	i	-t	17  	Cell	0 	(0,0)	-e	0.000000	-a	2	-i	3
-l	i	-t	18  	Cell	0 	(0,0)	-e	0.000000	-a	2	-i	3
-l	i	-t	19  	Cell	0 	(0,0)	-e	0.000000	-a	2	-i	3
-l	i	-t	20  	Cell	0 	(0,0)	-e	0.000000	-a	2	-i	3
-l	i	-t	21  	Cell	0 	(0,0)	-e	0.000000	-a	2	-i	3
-l	i	-t	22  	Cell	0 	(0,0)	-e	0.000000	-a	2	-i	3
-l	i	-t	23  	Cell	0 	(0,0)	-e	0.000000	-a	2	-i	3
-l	i	-t	24  	Cell	0 	(0,0)	-e	0.000000	-a	2	-i	3
-l	i	-t	25  	Cell	0 	(0,0)	-e	0.000000	-a	2	-i	3
-l	i	-t	26  	Cell	0 	(0,0)	-e	0.000000	-a	2	-i	3
-l	i	-t	27  	Cell	0 	(0,0)	-e	0.000000	-a	2	-i	3
-l	i	-t	28  	Cell	0 	(0,0)	-e	0.000000	-a	2	-i	3
-l	i	-t	29  	Cell	0 	(0,0)	-e	0.000000	-a	2	-i	3
-l	i	-t	30  	Cell	0 	(0,0)	-e	0.000000	-a	2	-i	3
-l	i	-t	0   	Cell	0 	(0,0)	-e	0.000000	-a	2	-i	3
-l	i	-t	1   	Cell	0 	(0,0)	-e	0.000000	-a	2	-i	3
-l	i	-t	2   	Cell	0 	(0,0)	-e	0.000000	-a	2	-i	3
-l	i	-t	3   	Cell	0 	(0,0)	-e	0.000000	-a	2	-i	3
-l	i	-t	4   	Cell	0 	(0,0)	-e	0.000000	-a	2	-i	3
-l	i	-t	5   	Cell	0 	(0,0)	-e	0.000000	-a	2	-i	3
-l	i	-t	6   	Cell	0 	(0,0)	-e	0.000000	-a	2	-i	3
-l	i	-t	7   	Cell	0 	(0,0)	-e	0.000000	-a	2	-i	3
-l	i	-t	8   	Cell	0 	(0,0)	-e	0.000000	-a	2	-i	3
-l	i	-t	9   	Cell	0 	(0,0)	-e	0.000000	-a	2	-i	3
-l	i	-t	10  	Cell	0 	(0,0)	-e	0.000000	-a	2	-i	3
-l	i	-t	11  	Cell	0 	(0,0)	-e	0.000000	-a	2	-i	3
-l	i	-t	12  	Cell	0 	(0,0)	-e	0.000000	-a	2	-i	3
-l	i	-t	13  	Cell	0 	(0,0)	-e	0.000000	-a	2	-i	3
-l	i	-t	14  	Cell	0 	(0,0)	-e	0.000000	-a	2	-i	3
-l	i	-t	15  	Cell	0 	(0,0)	-e	0.000000	-a	2	-i	3
-l	i	-t	16  	Cell	0 	(0,0)	-e	0.000000	-a	2	-i	3
-l	i	-t	17  	Cell	0 	(0,0)	-e	0.000000	-a	2	-i	3
-l	i	-t	18  	Cell	0 	(0,0)	-e	0.000000	-a	2	-i	3
-l	i	-t	19  	Cell	0 	(0,0)	-e	0.000000	-a	2	-i	3
-l	i	-t	20  	Cell	0 	(0,0)	-e	0.000000	-a	2	-i	3
-l	i	-t	21  	Cell	0 	(0,0)	-e	0.000000	-a	2	-i	3
-l	i	-t	22  	Cell	0 	(0,0)	-e	0.000000	-a	2	-i	3
-l	i	-t	23  	Cell	0 	(0,0)	-e	0.000000	-a	2	-i	3
-l	i	-t	24  	Cell	0 	(0,0)	-e	0.000000	-a	2	-i	3
-l	i	-t	25  	Cell	0 	(0,0)	-e	0.000000	-a	2	-i	3
-l	i	-t	26  	Cell	0 	(0,0)	-e	0.000000	-a	2	-i	3
-l	i	-t	27  	Cell	0 	(0,0)	-e	0.000000	-a	2	-i	3
-l	i	-t	28  	Cell	0 	(0,0)	-e	0.000000	-a	2	-i	3
-l	i	-t	29  	Cell	0 	(0,0)	-e	0.000000	-a	2	-i	3
-l	i	-t	30  	Cell	0 	(0,0)	-e	0.000000	-a	2	-i	3
-l	i	-t	0   	Cell	0 	(0,0)	-e	0.000000	-a	2	-i	3
-l	i	-t	1   	Cell	0 	(0,0)	-e	0.000000	-a	2	-i	3
-l	i	-t	2   	Cell	0 	(0,0)	-e	0.000000	-a	2	-i	3
-l	i	-t	3   	Cell	0 	(0,0)	-e	0.000000	-a	2	-i	3
-l	i	-t	4   	Cell	0 	(0,0)	-e	0.000000	-a	2	-i	3
-l	i	-t	5   	Cell	0 	(0,0)	-e	0.000000	-a	2	-i	3
-l	i	-t	6   	Cell	0 	(0,0)	-e	0.000000	-a	2	-i	3
-l	i	-t	7   	Cell	0 	(0,0)	-e	0.000000	-a	2	-i	3
-l	i	-t	8   	Cell	0 	(0,0)	-e	0.000000	-a	2	-i	3
-l	i	-t	9   	Cell	0 	(0,0)	-e	0.000000	-a	2	-i	3
-l	i	-t	10  	Cell	0 	(0,0)	-e	0.000000	-a	2	-i	3
-l	i	-t	11  	Cell	0 	(0,0)	-e	0.000000	-a	2	-i	3
-l	i	-t	12  	Cell	0 	(0,0)	-e	0.000000	-a	2	-i	3
-l	i	-t	13  	Cell	0 	(0,0)	-e	0.000000	-a	2	-i	3
-l	i	-t	14  	Cell	0 	(0,0)	-e	0.000000	-a	2	-i	3
-l	i	-t	15  	Cell	0 	(0,0)	-e	0.000000	-a	2	-i	3
-l	i	-t	16  	Cell	0 	(0,0)	-e	0.000000	-a	2	-i	3
-l	i	-t	17  	Cell	0 	(0,0)	-e	0.000000	-a	2	-i	3
-l	i	-t	18  	Cell	0 	(0,0)	-e	0.000000	-a	2	-i	3
-l	i	-t	19  	Cell	0 	(0,0)	-e	0.000000	-a	2	-i	3
-l	i	-t	20  	Cell	0 	(0,0)	-e	0.000000	-a	2	-i	3
-l	i	-t	21  	Cell	0 	(0,0)	-e	0.000000	-a	2	-i	3
-l	i	-t	22  	Cell	0 	(0,0)	-e	0.000000	-a	2	-i	3
-l	i	-t	23  	Cell	0 	(0,0)	-e	0.000000	-a	2	-i	3
-l	i	-t	24  	Cell	0 	(0,0)	-e	0.000000	-a	2	-i	3
-l	i	-t	25  	Cell	0 	(0,0)	-e	0.000000	-a	2	-i	3
-l	i	-t	26  	Cell	0 	(0,0)	-e	0.000000	-a	2	-i	3
-l	i	-t	27  	Cell	0 	(0,0)	-e	0.000000	-a	2	-i	3
-l	i	-t	28  	Cell	0 	(0,0)	-e	0.000000	-a	2	-i	3
-l	i	-t	29  	Cell	0 	(0,0)	-e	0.000000	-a	2	-i	3
-l	i	-t	30  	Cell	0 	(0,0)	-e	0.000000	-a	2	-i	3
-l	i	-t	0   	Cell	0 	(0,0)	-e	0.000000	-a	2	-i	3
-l	i	-t	1   	Cell	0 	(0,0)	-e	0.000000	-a	2	-i	3
-l	i	-t	2   	Cell	0 	(0,0)	-e	0.000000	-a	2	-i	3
-l	i	-t	3   	Cell	0 	(0,0)	-e	0.000000	-a	2	-i	3
-l	i	-t	4   	Cell	0 	(0,0)	-e	0.000000	-a	2	-i	3
-l	i	-t	5   	Cell	0 	(0,0)	-e	0.000000	-a	2	-i	3
-l	i	-t	6   	Cell	0 	(0,0)	-e	0.000000	-a	2	-i	3
-l	i	-t	7   	Cell	0 	(0,0)	-e	0.000000	-a	2	-i	3
-l	i	-t	8   	Cell	0 	(0,0)	-e	0.000000	-a	2	-i	3
-l	i	-t	9   	Cell	0 	(0,0)	-e	0.000000	-a	2	-i	3
-l	i	-t	10  	Cell	0 	(0,0)	-e	0.000000	-a	2	-i	3
-l	i	-t	11  	Cell	0 	(0,0)	-e	0.000000	-a	2	-i	3
-l	i	-t	12  	Cell	0 	(0,0)	-e	0.000000	-a	2	-i	3
-l	i	-t	13  	Cell	0 	(0,0)	-e	0.000000	-a	2	-i	3
-l	i	-t	14  	Cell	0 	(0,0)	-e	0.000000	-a	2	-i	3
-l	i	-t	15  	Cell	0 	(0,0)	-e	0.000000	-a	2	-i	3
-l	i	-t	16  	Cell	0 	(0,0)	-e	0.000000	-a	2	-i	3
-l	i	-t	17  	Cell	0 	(0,0)	-e	0.000000	-a	2	-i	3
-l	i	-t	18  	Cell	0 	(0,0)	-e	0.000000	-a	2	-i	3
-l	i	-t	19  	Cell	0 	(0,0)	-e	0.000000	-a	2	-i	3
-l	i	-t	20  	Cell	0 	(0,0)	-e	0.000000	-a	2	-i	3
-l	i	-t	21  	Cell	0 	(0,0)	-e	0.000000	-a	2	-i	3
-l	i	-t	22  	Cell	0 	(0,0)	-e	0.000000	-a	2	-i	3
-l	i	-t	23  	Cell	0 	(0,0)	-e	0.000000	-a	2	-i	3
-l	i	-t	24  	Cell	0 	(0,0)	-e	0.000000	-a	2	-i	3
-l	i	-t	25  	Cell	0 	(0,0)	-e	0.000000	-a	2	-i	3
-l	i	-t	26  	Cell	0 	(0,0)	-e	0.000000	-a	2	-i	3
-l	i	-t	27  	Cell	0 	(0,0)	-e	0.000000	-a	2	-i	3
-l	i	-t	28  	Cell	0 	(0,0)	-e	0.000000	-a	2	-i	3
-l	i	-t	29  	Cell	0 	(0,0)	-e	0.000000	-a	2	-i	3
-l	i	-t	30  	Cell	0 	(0,0)	-e	0.000000	-a	2	-i	3
-l	i	-t	0   	Cell	0 	(0,0)	-e	0.000000	-a	2	-i	3
-l	i	-t	1   	Cell	0 	(0,0)	-e	0.000000	-a	2	-i	3
-l	i	-t	2   	Cell	0 	(0,0)	-e	0.000000	-a	2	-i	3
-l	i	-t	3   	Cell	0 	(0,0)	-e	0.000000	-a	2	-i	3
-l	i	-t	4   	Cell	0 	(0,0)	-e	0.000000	-a	2	-i	3
-l	i	-t	5   	Cell	0 	(0,0)	-e	0.000000	-a	2	-i	3
-l	i	-t	6   	Cell	0 	(0,0)	-e	0.000000	-a	2	-i	3
-l	i	-t	7   	Cell	0 	(0,0)	-e	0.000000	-a	2	-i	3
-l	i	-t	8   	Cell	0 	(0,0)	-e	0.000000	-a	2	-i	3
-l	i	-t	9   	Cell	0 	(0,0)	-e	0.000000	-a	2	-i	3
-l	i	-t	10  	Cell	0 	(0,0)	-e	0.000000	-a	2	-i	3
-l	i	-t	11  	Cell	0 	(0,0)	-e	0.000000	-a	2	-i	3
-l	i	-t	12  	Cell	0 	(0,0)	-e	0.000000	-a	2	-i	3
-l	i	-t	13  	Cell	0 	(0,0)	-e	0.000000	-a	2	-i	3
-l	i	-t	14  	Cell	0 	(0,0)	-e	0.000000	-a	2	-i	3
-l	i	-t	15  	Cell	0 	(0,0)	-e	0.000000	-a	2	-i	3
-l	i	-t	16  	Cell	0 	(0,0)	-e	0.000000	-a	2	-i	3
-l	i	-t	17  	Cell	0 	(0,0)	-e	0.000000	-a	2	-i	3
-l	i	-t	18  	Cell	0 	(0,0)	-e	0.000000	-a	2	-i	3
-l	i	-t	19  	Cell	0 	(0,0)	-e	0.000000	-a	2	-i	3
-l	i	-t	20  	Cell	0 	(0,0)	-e	0.000000	-a	2	-i	3
-l	i	-t	21  	Cell	0 	(0,0)	-e	0.000000	-a	2	-i	3
-l	i	-t	22  	Cell	0 	(0,0)	-e	0.000000	-a	2	-i	3
-l	i	-t	23  	Cell	0 	(0,0)	-e	0.000000	-a	2	-i	3
-l	i	-t	24  	Cell	0 	(0,0)	-e	0.000000	-a	2	-i	3
-l	i	-t	25  	Cell	0 	(0,0)	-e	0.000000	-a	2	-i	3
-l	i	-t	26  	Cell	0 	(0,0)	-e	0.000000	-a	2	-i	3
-l	i	-t	27  	Cell	0 	(0,0)	-e	0.000000	-a	2	-i	3
-l	i	-t	28  	Cell	0 	(0,0)	-e	0.000000	-a	2	-i	3
-l	i	-t	29  	Cell	0 	(0,0)	-e	0.000000	-a	2	-i	3
-l	i	-t	30  	Cell	0 	(0,0)	-e	0.000000	-a	2	-i	3
-l	i	-t	0   	Cell	0 	(0,0)	-e	0.000000	-a	2	-i	3
-l	i	-t	1   	Cell	0 	(0,0)	-e	0.000000	-a	2	-i	3
-l	i	-t	2   	Cell	0 	(0,0)	-e	0.000000	-a	2	-i	3
-l	i	-t	3   	Cell	0 	(0,0)	-e	0.000000	-a	2	-i	3
-l	i	-t	4   	Cell	0 	(0,0)	-e	0.000000	-a	2	-i	3
-l	i	-t	5   	Cell	0 	(0,0)	-e	0.000000	-a	2	-i	3
-l	i	-t	6   	Cell	0 	(0,0)	-e	0.000000	-a	2	-i	3
-l	i	-t	7   	Cell	0 	(0,0)	-e	0.000000	-a	2	-i	3
-l	i	-t	8   	Cell	0 	(0,0)	-e	0.000000	-a	2	-i	3
-l	i	-t	9   	Cell	0 	(0,0)	-e	0.000000	-a	2	-i	3
-l	i	-t	10  	Cell	0 	(0,0)	-e	0.000000	-a	2	-i	3
-l	i	-t	11  	Cell	0 	(0,0)	-e	0.000000	-a	2	-i	3
-l	i	-t	12  	Cell	0 	(0,0)	-e	0.000000	-a	2	-i	3
-l	i	-t	13  	Cell	0 	(0,0)	-e	0.000000	-a	2	-i	3
-l	i	-t	14  	Cell	0 	(0,0)	-e	0.000000	-a	2	-i	3
-l	i	-t	15  	Cell	0 	(0,0)	-e	0.000000	-a	2	-i	3
-l	i	-t	16  	Cell	0 	(0,0)	-e	0.000000	-a	2	-i	3
-l	i	-t	17  	Cell	0 	(0,0)	-e	0.000000	-a	2	-i	3
-l	i	-t	18  	Cell	0 	(0,0)	-e	0.000000	-a	2	-i	3
-l	i	-t	19  	Cell	0 	(0,0)	-e	0.000000	-a	2	-i	3
-l	i	-t	20  	Cell	0 	(0,0)	-e	0.000000	-a	2	-i	3
-l	i	-t	21  	Cell	0 	(0,0)	-e	0.000000	-a	2	-i	3
-l	i	-t	22  	Cell	0 	(0,0)	-e	0.000000	-a	2	-i	3
-l	i	-t	23  	Cell	0 	(0,0)	-e	0.000000	-a	2	-i	3
-l	i	-t	24  	Cell	0 	(0,0)	-e	0.000000	-a	2	-i	3
-l	i	-t	25  	Cell	0 	(0,0)	-e	0.000000	-a	2	-i	3
-l	i	-t	26  	Cell	0 	(0,0)	-e	0.000000	-a	2	-i	3
-l	i	-t	27  	Cell	0 	(0,0)	-e	0.000000	-a	2	-i	3
-l	i	-t	28  	Cell	0 	(0,0)	-e	0.000000	-a	2	-i	3
-l	i	-t	29  	Cell	0 	(0,0)	-e	0.000000	-a	2	-i	3
-l	i	-t	30  	Cell	0 	(0,0)	-e	0.000000	-a	2	-i	3
-l	i	-t	0   	Cell	0 	(0,0)	-e	0.000000	-a	2	-i	3
-l	i	-t	1   	Cell	0 	(0,0)	-e	0.000000	-a	2	-i	3
-l	i	-t	2   	Cell	0 	(0,0)	-e	0.000000	-a	2	-i	3
-l	i	-t	3   	Cell	0 	(0,0)	-e	0.000000	-a	2	-i	3
-l	i	-t	4   	Cell	0 	(0,0)	-e	0.000000	-a	2	-i	3
-l	i	-t	5   	Cell	0 	(0,0)	-e	0.000000	-a	2	-i	3
-l	i	-t	6   	Cell	0 	(0,0)	-e	0.000000	-a	2	-i	3
-l	i	-t	7   	Cell	0 	(0,0)	-e	0.000000	-a	2	-i	3
-l	i	-t	8   	Cell	0 	(0,0)	-e	0.000000	-a	2	-i	3
-l	i	-t	9   	Cell	0 	(0,0)	-e	0.000000	-a	2	-i	3
-l	i	-t	10  	Cell	0 	(0,0)	-e	0.000000	-a	2	-i	3
-l	i	-t	11  	Cell	0 	(0,0)	-e	0.000000	-a	2	-i	3
-l	i	-t	12  	Cell	0 	(0,0)	-e	0.000000	-a	2	-i	3
-l	i	-t	13  	Cell	0 	(0,0)	-e	0.000000	-a	2	-i	3
-l	i	-t	14  	Cell	0 	(0,0)	-e	0.000000	-a	2	-i	3
-l	i	-t	15  	Cell	0 	(0,0)	-e	0.000000	-a	2	-i	3
-l	i	-t	16  	Cell	0 	(0,0)	-e	0.000000	-a	2	-i	3
-l	i	-t	17  	Cell	0 	(0,0)	-e	0.000000	-a	2	-i	3
-l	i	-t	18  	Cell	0 	(0,0)	-e	0.000000	-a	2	-i	3
-l	i	-t	19  	Cell	0 	(0,0)	-e	0.000000	-a	2	-i	3
-l	i	-t	20  	Cell	0 	(0,0)	-e	0.000000	-a	2	-i	3
-l	i	-t	21  	Cell	0 	(0,0)	-e	0.000000	-a	2	-i	3
-l	i	-t	22  	Cell	0 	(0,0)	-e	0.000000	-a	2	-i	3
-l	i	-t	23  	Cell	0 	(0,0)	-e	0.000000	-a	2	-i	3
-l	i	-t	24  	Cell	0 	(0,0)	-e	0.000000	-a	2	-i	3
-l	i	-t	25  	Cell	0 	(0,0)	-e	0.000000	-a	2	-i	3
-l	i	-t	26  	Cell	0 	(0,0)	-e	0.000000	-a	2	-i	3
-l	i	-t	27  	Cell	0 	(0,0)	-e	0.000000	-a	2	-i	3
-l	i	-t	28  	Cell	0 	(0,0)	-e	0.000000	-a	2	-i	3
-l	i	-t	29  	Cell	0 	(0,0)	-e	0.000000	-a	2	-i	3
-l	i	-t	30  	Cell	0 	(0,0)	-e	0.000000	-a	2	-i	3
-l	i	-t	0   	Cell	0 	(0,0)	-e	0.000000	-a	2	-i	3
-l	i	-t	1   	Cell	0 	(0,0)	-e	0.000000	-a	2	-i	3
-l	i	-t	2   	Cell	0 	(0,0)	-e	0.000000	-a	2	-i	3
-l	i	-t	3   	Cell	0 	(0,0)	-e	0.000000	-a	2	-i	3
-l	i	-t	4   	Cell	0 	(0,0)	-e	0.000000	-a	2	-i	3
-l	i	-t	5   	Cell	0 	(0,0)	-e	0.000000	-a	2	-i	3
-l	i	-t	6   	Cell	0 	(0,0)	-e	0.000000	-a	2	-i	3
-l	i	-t	7   	Cell	0 	(0,0)	-e	0.000000	-a	2	-i	3
-l	i	-t	8   	Cell	0 	(0,0)	-e	0.000000	-a	2	-i	3
-l	i	-t	9   	Cell	0 	(0,0)	-e	0.000000	-a	2	-i	3
-l	i	-t	10  	Cell	0 	(0,0)	-e	0.000000	-a	2	-i	3
-l	i	-t	11  	Cell	0 	(0,0)	-e	0.000000	-a	2	-i	3
-l	i	-t	12  	Cell	0 	(0,0)	-e	0.000000	-a	2	-i	3
-l	i	-t	13  	Cell	0 	(0,0)	-e	0.000000	-a	2	-i	3
-l	i	-t	14  	Cell	0 	(0,0)	-e	0.000000	-a	2	-i	3
-l	i	-t	15  	Cell	0 	(0,0)	-e	0.000000	-a	2	-i	3
-l	i	-t	16  	Cell	0 	(0,0)	-e	0.000000	-a	2	-i	3
-l	i	-t	17  	Cell	0 	(0,0)	-e	0.000000	-a	2	-i	3
-l	i	-t	18  	Cell	0 	(0,0)	-e	0.000000	-a	2	-i	3
-l	i	-t	19  	Cell	0 	(0,0)	-e	0.000000	-a	2	-i	3
-l	i	-t	20  	Cell	0 	(0,0)	-e	0.000000	-a	2	-i	3
-l	i	-t	21  	Cell	0 	(0,0)	-e	0.000000	-a	2	-i	3
-l	i	-t	22  	Cell	0 	(0,0)	-e	0.000000	-a	2	-i	3
-l	i	-t	23  	Cell	0 	(0,0)	-e	0.000000	-a	2	-i	3
-l	i	-t	24  	Cell	0 	(0,0)	-e	0.000000	-a	2	-i	3
-l	i	-t	25  	Cell	0 	(0,0)	-e	0.000000	-a	2	-i	3
-l	i	-t	26  	Cell	0 	(0,0)	-e	0.000000	-a	2	-i	3
-l	i	-t	27  	Cell	0 	(0,0)	-e	0.000000	-a	2	-i	3
-l	i	-t	28  	Cell	0 	(0,0)	-e	0.000000	-a	2	-i	3
-l	i	-t	29  	Cell	0 	(0,0)	-e	0.000000	-a	2	-i	3
-l	i	-t	30  	Cell	0 	(0,0)	-e	0.000000	-a	2	-i	3
-l	i	-t	0   	Cell	0 	(0,0)	-e	0.000000	-a	2	-i	3
-l	i	-t	1   	Cell	0 	(0,0)	-e	0.000000	-a	2	-i	3
-l	i	-t	2   	Cell	0 	(0,0)	-e	0.000000	-a	2	-i	3
-l	i	-t	3   	Cell	0 	(0,0)	-e	0.000000	-a	2	-i	3
-l	i	-t	4   	Cell	0 	(0,0)	-e	0.000000	-a	2	-i	3
-l	i	-t	5   	Cell	0 	(0,0)	-e	0.000000	-a	2	-i	3
-l	i	-t	6   	Cell	0 	(0,0)	-e	0.000000	-a	2	-i	3
-l	i	-t	7   	Cell	0 	(0,0)	-e	0.000000	-a	2	-i	3
-l	i	-t	8   	Cell	0 	(0,0)	-e	0.000000	-a	2	-i	3
-l	i	-t	9   	Cell	0 	(0,0)	-e	0.000000	-a	2	-i	3
-l	i	-t	10  	Cell	0 	(0,0)	-e	0.000000	-a	2	-i	3
-l	i	-t	11  	Cell	0 	(0,0)	-e	0.000000	-a	2	-i	3
-l	i	-t	12  	Cell	0 	(0,0)	-e	0.000000	-a	2	-i	3
-l	i	-t	13  	Cell	0 	(0,0)	-e	0.000000	-a	2	-i	3
-l	i	-t	14  	Cell	0 	(0,0)	-e	0.000000	-a	2	-i	3
-l	i	-t	15  	Cell	0 	(0,0)	-e	0.000000	-a	2	-i	3
-l	i	-t	16  	Cell	0 	(0,0)	-e	0.000000	-a	2	-i	3
-l	i	-t	17  	Cell	0 	(0,0)	-e	0.000000	-a	2	-i	3
-l	i	-t	18  	Cell	0 	(0,0)	-e	0.000000	-a	2	-i	3
-l	i	-t	19  	Cell	0 	(0,0)	-e	0.000000	-a	2	-i	3
-l	i	-t	20  	Cell	0 	(0,0)	-e	0.000000	-a	2	-i	3
-l	i	-t	21  	Cell	0 	(0,0)	-e	0.000000	-a	2	-i	3
-l	i	-t	22  	Cell	0 	(0,0)	-e	0.000000	-a	2	-i	3
-l	i	-t	23  	Cell	0 	(0,0)	-e	0.000000	-a	2	-i	3
-l	i	-t	24  	Cell	0 	(0,0)	-e	0.000000	-a	2	-i	3
-l	i	-t	25  	Cell	0 	(0,0)	-e	0.000000	-a	2	-i	3
-l	i	-t	26  	Cell	0 	(0,0)	-e	0.000000	-a	2	-i	3
-l	i	-t	27  	Cell	0 	(0,0)	-e	0.000000	-a	2	-i	3
-l	i	-t	28  	Cell	0 	(0,0)	-e	0.000000	-a	2	-i	3
-l	i	-t	29  	Cell	0 	(0,0)	-e	0.000000	-a	2	-i	3
-l	i	-t	30  	Cell	0 	(0,0)	-e	0.000000	-a	2	-i	3
-l	i	-t	0   	Cell	0 	(0,0)	-e	0.000000	-a	2	-i	3
-l	i	-t	1   	Cell	0 	(0,0)	-e	0.000000	-a	2	-i	3
-l	i	-t	2   	Cell	0 	(0,0)	-e	0.000000	-a	2	-i	3
-l	i	-t	3   	Cell	0 	(0,0)	-e	0.000000	-a	2	-i	3
-l	i	-t	4   	Cell	0 	(0,0)	-e	0.000000	-a	2	-i	3
-l	i	-t	5   	Cell	0 	(0,0)	-e	0.000000	-a	2	-i	3
-l	i	-t	6   	Cell	0 	(0,0)	-e	0.000000	-a	2	-i	3
-l	i	-t	7   	Cell	0 	(0,0)	-e	0.000000	-a	2	-i	3
-l	i	-t	8   	Cell	0 	(0,0)	-e	0.000000	-a	2	-i	3
-l	i	-t	9   	Cell	0 	(0,0)	-e	0.000000	-a	2	-i	3
-l	i	-t	10  	Cell	0 	(0,0)	-e	0.000000	-a	2	-i	3
-l	i	-t	11  	Cell	0 	(0,0)	-e	0.000000	-a	2	-i	3
-l	i	-t	12  	Cell	0 	(0,0)	-e	0.000000	-a	2	-i	3
-l	i	-t	13  	Cell	0 	(0,0)	-e	0.000000	-a	2	-i	3
-l	i	-t	14  	Cell	0 	(0,0)	-e	0.000000	-a	2	-i	3
-l	i	-t	15  	Cell	0 	(0,0)	-e	0.000000	-a	2	-i	3
-l	i	-t	16  	Cell	0 	(0,0)	-e	0.000000	-a	2	-i	3
-l	i	-t	17  	Cell	0 	(0,0)	-e	0.000000	-a	2	-i	3
-l	i	-t	18  	Cell	0 	(0,0)	-e	0.000000	-a	2	-i	3
-l	i	-t	19  	Cell	0 	(0,0)	-e	0.000000	-a	2	-i	3
-l	i	-t	20  	Cell	0 	(0,0)	-e	0.000000	-a	2	-i	3
-l	i	-t	21  	Cell	0 	(0,0)	-e	0.000000	-a	2	-i	3
-l	i	-t	22  	Cell	0 	(0,0)	-e	0.000000	-a	2	-i	3
-l	i	-t	23  	Cell	0 	(0,0)	-e	0.000000	-a	2	-i	3
-l	i	-t	24  	Cell	0 	(0,0)	-e	0.000000	-a	2	-i	3
-l	i	-t	25  	Cell	0 	(0,0)	-e	0.000000	-a	2	-i	3
-l	i	-t	26  	Cell	0 	(0,0)	-e	0.000000	-a	2	-i	3
-l	i	-t	27  	Cell	0 	(0,0)	-e	0.000000	-a	2	-i	3
-l	i	-t	28  	Cell	0 	(0,0)	-e	0.000000	-a	2	-i	3
-l	i	-t	29  	Cell	0 	(0,0)	-e	0.000000	-a	2	-i	3
-l	i	-t	30  	Cell	0 	(0,0)	-e	0.000000	-a	2	-i	3
-l	i	-t	0   	Cell	0 	(0,0)	-e	0.000000	-a	2	-i	3
-l	i	-t	1   	Cell	0 	(0,0)	-e	0.000000	-a	2	-i	3
-l	i	-t	2   	Cell	0 	(0,0)	-e	0.000000	-a	2	-i	3
-l	i	-t	3   	Cell	0 	(0,0)	-e	0.000000	-a	2	-i	3
-l	i	-t	4   	Cell	0 	(0,0)	-e	0.000000	-a	2	-i	3
-l	i	-t	5   	Cell	0 	(0,0)	-e	0.000000	-a	2	-i	3
-l	i	-t	6   	Cell	0 	(0,0)	-e	0.000000	-a	2	-i	3
-l	i	-t	7   	Cell	0 	(0,0)	-e	0.000000	-a	2	-i	3
-l	i	-t	8   	Cell	0 	(0,0)	-e	0.000000	-a	2	-i	3
-l	i	-t	9   	Cell	0 	(0,0)	-e	0.000000	-a	2	-i	3
-l	i	-t	10  	Cell	0 	(0,0)	-e	0.000000	-a	2	-i	3
-l	i	-t	11  	Cell	0 	(0,0)	-e	0.000000	-a	2	-i	3
-l	i	-t	12  	Cell	0 	(0,0)	-e	0.000000	-a	2	-i	3
-l	i	-t	13  	Cell	0 	(0,0)	-e	0.000000	-a	2	-i	3
-l	i	-t	14  	Cell	0 	(0,0)	-e	0.000000	-a	2	-i	3
-l	i	-t	15  	Cell	0 	(0,0)	-e	0.000000	-a	2	-i	3
-l	i	-t	16  	Cell	0 	(0,0)	-e	0.000000	-a	2	-i	3
-l	i	-t	17  	Cell	0 	(0,0)	-e	0.000000	-a	2	-i	3
-l	i	-t	18  	Cell	0 	(0,0)	-e	0.000000	-a	2	-i	3
-l	i	-t	19  	Cell	0 	(0,0)	-e	0.000000	-a	2	-i	3
-l	i	-t	20  	Cell	0 	(0,0)	-e	0.000000	-a	2	-i	3
-l	i	-t	21  	Cell	0 	(0,0)	-e	0.000000	-a	2	-i	3
-l	i	-t	22  	Cell	0 	(0,0)	-e	0.000000	-a	2	-i	3
-l	i	-t	23  	Cell	0 	(0,0)	-e	0.000000	-a	2	-i	3
-l	i	-t	24  	Cell	0 	(0,0)	-e	0.000000	-a	2	-i	3
-l	i	-t	25  	Cell	0 	(0,0)	-e	0.000000	-a	2	-i	3
-l	i	-t	26  	Cell	0 	(0,0)	-e	0.000000	-a	2	-i	3
-l	i	-t	27  	Cell	0 	(0,0)	-e	0.000000	-a	2	-i	3
-l	i	-t	28  	Cell	0 	(0,0)	-e	0.000000	-a	2	-i	3
-l	i	-t	29  	Cell	0 	(0,0)	-e	0.000000	-a	2	-i	3
-l	i	-t	30  	Cell	0 	(0,0)	-e	0.000000	-a	2	-i	3
-l	i	-t	0   	Cell	0 	(0,0)	-e	0.000000	-a	2	-i	3
-l	i	-t	1   	Cell	0 	(0,0)	-e	0.000000	-a	2	-i	3
-l	i	-t	2   	Cell	0 	(0,0)	-e	0.000000	-a	2	-i	3
-l	i	-t	3   	Cell	0 	(0,0)	-e	0.000000	-a	2	-i	3
-l	i	-t	4   	Cell	0 	(0,0)	-e	0.000000	-a	2	-i	3
-l	i	-t	5   	Cell	0 	(0,0)	-e	0.000000	-a	2	-i	3
-l	i	-t	6   	Cell	0 	(0,0)	-e	0.000000	-a	2	-i	3
-l	i	-t	7   	Cell	0 	(0,0)	-e	0.000000	-a	2	-i	3
-l	i	-t	8   	Cell	0 	(0,0)	-e	0.000000	-a	2	-i	3
-l	i	-t	9   	Cell	0 	(0,0)	-e	0.000000	-a	2	-i	3
-l	i	-t	10  	Cell	0 	(0,0)	-e	0.000000	-a	2	-i	3
-l	i	-t	11  	Cell	0 	(0,0)	-e	0.000000	-a	2	-i	3
-l	i	-t	12  	Cell	0 	(0,0)	-e	0.000000	-a	2	-i	3
-l	i	-t	13  	Cell	0 	(0,0)	-e	0.000000	-a	2	-i	3
-l	i	-t	14  	Cell	0 	(0,0)	-e	0.000000	-a	2	-i	3
-l	i	-t	15  	Cell	0 	(0,0)	-e	0.000000	-a	2	-i	3
-l	i	-t	16  	Cell	0 	(0,0)	-e	0.000000	-a	2	-i	3
-l	i	-t	17  	Cell	0 	(0,0)	-e	0.000000	-a	2	-i	3
-l	i	-t	18  	Cell	0 	(0,0)	-e	0.000000	-a	2	-i	3
-l	i	-t	19  	Cell	0 	(0,0)	-e	0.000000	-a	2	-i	3
-l	i	-t	20  	Cell	0 	(0,0)	-e	0.000000	-a	2	-i	3
-l	i	-t	21  	Cell	0 	(0,0)	-e	0.000000	-a	2	-i	3
-l	i	-t	22  	Cell	0 	(0,0)	-e	0.000000	-a	2	-i	3
-l	i	-t	23  	Cell	0 	(0,0)	-e	0.000000	-a	2	-i	3
-l	i	-t	24  	Cell	0 	(0,0)	-e	0.000000	-a	2	-i	3
-l	i	-t	25  	Cell	0 	(0,0)	-e	0.000000	-a	2	-i	3
-l	i	-t	26  	Cell	0 	(0,0)	-e	0.000000	-a	2	-i	3
-l	i	-t	27  	Cell	0 	(0,0)	-e	0.000000	-a	2	-i	3
-l	i	-t	28  	Cell	0 	(0,0)	-e	0.000000	-a	2	-i	3
-l	i	-t	29  	Cell	0 	(0,0)	-e	0.000000	-a	2	-i	3
-l	i	-t	30  	Cell	0 	(0,0)	-e	0.000000	-a	2	-i	3
-l	i	-t	0   	Cell	0 	(0,0)	-e	0.000000	-a	2	-i	3
-l	i	-t	1   	Cell	0 	(0,0)	-e	0.000000	-a	2	-i	3
-l	i	-t	2   	Cell	0 	(0,0)	-e	0.000000	-a	2	-i	3
-l	i	-t	3   	Cell	0 	(0,0)	-e	0.000000	-a	2	-i	3
-l	i	-t	4   	Cell	0 	(0,0)	-e	0.000000	-a	2	-i	3
-l	i	-t	5   	Cell	0 	(0,0)	-e	0.000000	-a	2	-i	3
-l	i	-t	6   	Cell	0 	(0,0)	-e	0.000000	-a	2	-i	3
-l	i	-t	7   	Cell	0 	(0,0)	-e	0.000000	-a	2	-i	3
-l	i	-t	8   	Cell	0 	(0,0)	-e	0.000000	-a	2	-i	3
-l	i	-t	9   	Cell	0 	(0,0)	-e	0.000000	-a	2	-i	3
-l	i	-t	10  	Cell	0 	(0,0)	-e	0.000000	-a	2	-i	3
-l	i	-t	11  	Cell	0 	(0,0)	-e	0.000000	-a	2	-i	3
-l	i	-t	12  	Cell	0 	(0,0)	-e	0.000000	-a	2	-i	3
-l	i	-t	13  	Cell	0 	(0,0)	-e	0.000000	-a	2	-i	3
-l	i	-t	14  	Cell	0 	(0,0)	-e	0.000000	-a	2	-i	3
-l	i	-t	15  	Cell	0 	(0,0)	-e	0.000000	-a	2	-i	3
-l	i	-t	16  	Cell	0 	(0,0)	-e	0.000000	-a	2	-i	3
-l	i	-t	17  	Cell	0 	(0,0)	-e	0.000000	-a	2	-i	3
-l	i	-t	18  	Cell	0 	(0,0)	-e	0.000000	-a	2	-i	3
-l	i	-t	19  	Cell	0 	(0,0)	-e	0.000000	-a	2	-i	3
-l	i	-t	20  	Cell	0 	(0,0)	-e	0.000000	-a	2	-i	3
-l	i	-t	21  	Cell	0 	(0,0)	-e	0.000000	-a	2	-i	3
-l	i	-t	22  	Cell	0 	(0,0)	-e	0.000000	-a	2	-i	3
-l	i	-t	23  	Cell	0 	(0,0)	-e	0.000000	-a	2	-i	3
-l	i	-t	24  	Cell	0 	(0,0)	-e	0.000000	-a	2	-i	3
-l	i	-t	25  	Cell	0 	(0,0)	-e	0.000000	-a	2	-i	3
-l	i	-t	26  	Cell	0 	(0,0)	-e	0.000000	-a	2	-i	3
-l	i	-t	27  	Cell	0 	(0,0)	-e	0.000000	-a	2	-i	3
-l	i	-t	28  	Cell	0 	(0,0)	-e	0.000000	-a	2	-i	3
-l	i	-t	29  	Cell	0 	(0,0)	-e	0.000000	-a	2	-i	3
-l	i	-t	30  	Cell	0 	(0,0)	-e	0.000000	-a	2	-i	3
-l	i	-t	0   	Cell	0 	(0,0)	-e	0.000000	-a	2	-i	3
-l	i	-t	1   	Cell	0 	(0,0)	-e	0.000000	-a	2	-i	3
-l	i	-t	2   	Cell	0 	(0,0)	-e	0.000000	-a	2	-i	3
-l	i	-t	3   	Cell	0 	(0,0)	-e	0.000000	-a	2	-i	3
-l	i	-t	4   	Cell	0 	(0,0)	-e	0.000000	-a	2	-i	3
-l	i	-t	5   	Cell	0 	(0,0)	-e	0.000000	-a	2	-i	3
-l	i	-t	6   	Cell	0 	(0,0)	-e	0.000000	-a	2	-i	3
-l	i	-t	7   	Cell	0 	(0,0)	-e	0.000000	-a	2	-i	3
-l	i	-t	8   	Cell	0 	(0,0)	-e	0.000000	-a	2	-i	3
-l	i	-t	9   	Cell	0 	(0,0)	-e	0.000000	-a	2	-i	3
-l	i	-t	10  	Cell	0 	(0,0)	-e	0.000000	-a	2	-i	3
-l	i	-t	11  	Cell	0 	(0,0)	-e	0.000000	-a	2	-i	3
-l	i	-t	12  	Cell	0 	(0,0)	-e	0.000000	-a	2	-i	3
-l	i	-t	13  	Cell	0 	(0,0)	-e	0.000000	-a	2	-i	3
-l	i	-t	14  	Cell	0 	(0,0)	-e	0.000000	-a	2	-i	3
-l	i	-t	15  	Cell	0 	(0,0)	-e	0.000000	-a	2	-i	3
-l	i	-t	16  	Cell	0 	(0,0)	-e	0.000000	-a	2	-i	3
-l	i	-t	17  	Cell	0 	(0,0)	-e	0.000000	-a	2	-i	3
-l	i	-t	18  	Cell	0 	(0,0)	-e	0.000000	-a	2	-i	3
-l	i	-t	19  	Cell	0 	(0,0)	-e	0.000000	-a	2	-i	3
-l	i	-t	20  	Cell	0 	(0,0)	-e	0.000000	-a	2	-i	3
-l	i	-t	21  	Cell	0 	(0,0)	-e	0.000000	-a	2	-i	3
-l	i	-t	22  	Cell	0 	(0,0)	-e	0.000000	-a	2	-i	3
-l	i	-t	23  	Cell	0 	(0,0)	-e	0.000000	-a	2	-i	3
-l	i	-t	24  	Cell	0 	(0,0)	-e	0.000000	-a	2	-i	3
-l	i	-t	25  	Cell	0 	(0,0)	-e	0.000000	-a	2	-i	3
-l	i	-t	26  	Cell	0 	(0,0)	-e	0.000000	-a	2	-i	3
-l	i	-t	27  	Cell	0 	(0,0)	-e	0.000000	-a	2	-i	3
-l	i	-t	28  	Cell	0 	(0,0)	-e	0.000000	-a	2	-i	3
-l	i	-t	29  	Cell	0 	(0,0)	-e	0.000000	-a	2	-i	3
-l	i	-t	30  	Cell	0 	(0,0)	-e	0.000000	-a	2	-i	3
-l	i	-t	0   	Cell	0 	(0,0)	-e	0.000000	-a	2	-i	3
-l	i	-t	1   	Cell	0 	(0,0)	-e	0.000000	-a	2	-i	3
-l	i	-t	2   	Cell	0 	(0,0)	-e	0.000000	-a	2	-i	3
-l	i	-t	3   	Cell	0 	(0,0)	-e	0.000000	-a	2	-i	3
-l	i	-t	4   	Cell	0 	(0,0)	-e	0.000000	-a	2	-i	3
-l	i	-t	5   	Cell	0 	(0,0)	-e	0.000000	-a	2	-i	3
-l	i	-t	6   	Cell	0 	(0,0)	-e	0.000000	-a	2	-i	3
-l	i	-t	7   	Cell	0 	(0,0)	-e	0.000000	-a	2	-i	3
-l	i	-t	8   	Cell	0 	(0,0)	-e	0.000000	-a	2	-i	3
-l	i	-t	9   	Cell	0 	(0,0)	-e	0.000000	-a	2	-i	3
-l	i	-t	10  	Cell	0 	(0,0)	-e	0.000000	-a	2	-i	3
-l	i	-t	11  	Cell	0 	(0,0)	-e	0.000000	-a	2	-i	3
-l	i	-t	12  	Cell	0 	(0,0)	-e	0.000000	-a	2	-i	3
-l	i	-t	13  	Cell	0 	(0,0)	-e	0.000000	-a	2	-i	3
-l	i	-t	14  	Cell	0 	(0,0)	-e	0.000000	-a	2	-i	3
-l	i	-t	15  	Cell	0 	(0,0)	-e	0.000000	-a	2	-i	3
-l	i	-t	16  	Cell	0 	(0,0)	-e	0.000000	-a	2	-i	3
-l	i	-t	17  	Cell	0 	(0,0)	-e	0.000000	-a	2	-i	3
-l	i	-t	18  	Cell	0 	(0,0)	-e	0.000000	-a	2	-i	3
-l	i	-t	19  	Cell	0 	(0,0)	-e	0.000000	-a	2	-i	3
-l	i	-t	20  	Cell	0 	(0,0)	-e	0.000000	-a	2	-i	3
-l	i	-t	21  	Cell	0 	(0,0)	-e	0.000000	-a	2	-i	3
-l	i	-t	22  	Cell	0 	(0,0)	-e	0.000000	-a	2	-i	3
-l	i	-t	23  	Cell	0 	(0,0)	-e	0.000000	-a	2	-i	3
-l	i	-t	24  	Cell	0 	(0,0)	-e	0.000000	-a	2	-i	3
-l	i	-t	25  	Cell	0 	(0,0)	-e	0.000000	-a	2	-i	3
-l	i	-t	26  	Cell	0 	(0,0)	-e	0.000000	-a	2	-i	3
-l	i	-t	27  	Cell	0 	(0,0)	-e	0.000000	-a	2	-i	3
-l	i	-t	28  	Cell	0 	(0,0)	-e	0.000000	-a	2	-i	3
-l	i	-t	29  	Cell	0 	(0,0)	-e	0.000000	-a	2	-i	3
-l	i	-t	30  	Cell	0 	(0,0)	-e	0.000000	-a	2	-i	3
-l	i	-t	0   	Cell	0 	(0,0)	-e	0.000000	-a	2	-i	3
-l	i	-t	1   	Cell	0 	(0,0)	-e	0.000000	-a	2	-i	3
-l	i	-t	2   	Cell	0 	(0,0)	-e	0.000000	-a	2	-i	3
-l	i	-t	3   	Cell	0 	(0,0)	-e	0.000000	-a	2	-i	3
-l	i	-t	4   	Cell	0 	(0,0)	-e	0.000000	-a	2	-i	3
-l	i	-t	5   	Cell	0 	(0,0)	-e	0.000000	-a	2	-i	3
-l	i	-t	6   	Cell	0 	(0,0)	-e	0.000000	-a	2	-i	3
-l	i	-t	7   	Cell	0 	(0,0)	-e	0.000000	-a	2	-i	3
-l	i	-t	8   	Cell	0 	(0,0)	-e	0.000000	-a	2	-i	3
-l	i	-t	9   	Cell	0 	(0,0)	-e	0.000000	-a	2	-i	3
-l	i	-t	10  	Cell	0 	(0,0)	-e	0.000000	-a	2	-i	3
-l	i	-t	11  	Cell	0 	(0,0)	-e	0.000000	-a	2	-i	3
-l	i	-t	12  	Cell	0 	(0,0)	-e	0.000000	-a	2	-i	3
-l	i	-t	13  	Cell	0 	(0,0)	-e	0.000000	-a	2	-i	3
-l	i	-t	14  	Cell	0 	(0,0)	-e	0.000000	-a	2	-i	3
-l	i	-t	15  	Cell	0 	(0,0)	-e	0.000000	-a	2	-i	3
-l	i	-t	16  	Cell	0 	(0,0)	-e	0.000000	-a	2	-i	3
-l	i	-t	17  	Cell	0 	(0,0)	-e	0.000000	-a	2	-i	3
-l	i	-t	18  	Cell	0 	(0,0)	-e	0.000000	-a	2	-i	3
-l	i	-t	19  	Cell	0 	(0,0)	-e	0.000000	-a	2	-i	3
-l	i	-t	20  	Cell	0 	(0,0)	-e	0.000000	-a	2	-i	3
-l	i	-t	21  	Cell	0 	(0,0)	-e	0.000000	-a	2	-i	3
-l	i	-t	22  	Cell	0 	(0,0)	-e	0.000000	-a	2	-i	3
-l	i	-t	23  	Cell	0 	(0,0)	-e	0.000000	-a	2	-i	3
-l	i	-t	24  	Cell	0 	(0,0)	-e	0.000000	-a	2	-i	3
-l	i	-t	25  	Cell	0 	(0,0)	-e	0.000000	-a	2	-i	3
-l	i	-t	26  	Cell	0 	(0,0)	-e	0.000000	-a	2	-i	3
-l	i	-t	27  	Cell	0 	(0,0)	-e	0.000000	-a	2	-i	3
-l	i	-t	28  	Cell	0 	(0,0)	-e	0.000000	-a	2	-i	3
-l	i	-t	29  	Cell	0 	(0,0)	-e	0.000000	-a	2	-i	3
-l	i	-t	30  	Cell	0 	(0,0)	-e	0.000000	-a	2	-i	3
-l	i	-t	0   	Cell	0 	(0,0)	-e	0.000000	-a	2	-i	3
-l	i	-t	1   	Cell	0 	(0,0)	-e	0.000000	-a	2	-i	3
-l	i	-t	2   	Cell	0 	(0,0)	-e	0.000000	-a	2	-i	3
-l	i	-t	3   	Cell	0 	(0,0)	-e	0.000000	-a	2	-i	3
-l	i	-t	4   	Cell	0 	(0,0)	-e	0.000000	-a	2	-i	3
-l	i	-t	5   	Cell	0 	(0,0)	-e	0.000000	-a	2	-i	3
-l	i	-t	6   	Cell	0 	(0,0)	-e	0.000000	-a	2	-i	3
-l	i	-t	7   	Cell	0 	(0,0)	-e	0.000000	-a	2	-i	3
-l	i	-t	8   	Cell	0 	(0,0)	-e	0.000000	-a	2	-i	3
-l	i	-t	9   	Cell	0 	(0,0)	-e	0.000000	-a	2	-i	3
-l	i	-t	10  	Cell	0 	(0,0)	-e	0.000000	-a	2	-i	3
-l	i	-t	11  	Cell	0 	(0,0)	-e	0.000000	-a	2	-i	3
-l	i	-t	12  	Cell	0 	(0,0)	-e	0.000000	-a	2	-i	3
-l	i	-t	13  	Cell	0 	(0,0)	-e	0.000000	-a	2	-i	3
-l	i	-t	14  	Cell	0 	(0,0)	-e	0.000000	-a	2	-i	3
-l	i	-t	15  	Cell	0 	(0,0)	-e	0.000000	-a	2	-i	3
-l	i	-t	16  	Cell	0 	(0,0)	-e	0.000000	-a	2	-i	3
-l	i	-t	17  	Cell	0 	(0,0)	-e	0.000000	-a	2	-i	3
-l	i	-t	18  	Cell	0 	(0,0)	-e	0.000000	-a	2	-i	3
-l	i	-t	19  	Cell	0 	(0,0)	-e	0.000000	-a	2	-i	3
-l	i	-t	20  	Cell	0 	(0,0)	-e	0.000000	-a	2	-i	3
-l	i	-t	21  	Cell	0 	(0,0)	-e	0.000000	-a	2	-i	3
-l	i	-t	22  	Cell	0 	(0,0)	-e	0.000000	-a	2	-i	3
-l	i	-t	23  	Cell	0 	(0,0)	-e	0.000000	-a	2	-i	3
-l	i	-t	24  	Cell	0 	(0,0)	-e	0.000000	-a	2	-i	3
-l	i	-t	25  	Cell	0 	(0,0)	-e	0.000000	-a	2	-i	3
-l	i	-t	26  	Cell	0 	(0,0)	-e	0.000000	-a	2	-i	3
-l	i	-t	27  	Cell	0 	(0,0)	-e	0.000000	-a	2	-i	3
-l	i	-t	28  	Cell	0 	(0,0)	-e	0.000000	-a	2	-i	3
-l	i	-t	29  	Cell	0 	(0,0)	-e	0.000000	-a	2	-i	3
-l	i	-t	30  	Cell	0 	(0,0)	-e	0.000000	-a	2	-i	3
-l	i	-t	0   	Cell	0 	(0,0)	-e	0.000000	-a	2	-i	3
-l	i	-t	1   	Cell	0 	(0,0)	-e	0.000000	-a	2	-i	3
-l	i	-t	2   	Cell	0 	(0,0)	-e	0.000000	-a	2	-i	3
-l	i	-t	3   	Cell	0 	(0,0)	-e	0.000000	-a	2	-i	3
-l	i	-t	4   	Cell	0 	(0,0)	-e	0.000000	-a	2	-i	3
-l	i	-t	5   	Cell	0 	(0,0)	-e	0.000000	-a	2	-i	3
-l	i	-t	6   	Cell	0 	(0,0)	-e	0.000000	-a	2	-i	3
-l	i	-t	7   	Cell	0 	(0,0)	-e	0.000000	-a	2	-i	3
-l	i	-t	8   	Cell	0 	(0,0)	-e	0.000000	-a	2	-i	3
-l	i	-t	9   	Cell	0 	(0,0)	-e	0.000000	-a	2	-i	3
-l	i	-t	10  	Cell	0 	(0,0)	-e	0.000000	-a	2	-i	3
-l	i	-t	11  	Cell	0 	(0,0)	-e	0.000000	-a	2	-i	3
-l	i	-t	12  	Cell	0 	(0,0)	-e	0.000000	-a	2	-i	3
-l	i	-t	13  	Cell	0 	(0,0)	-e	0.000000	-a	2	-i	3
-l	i	-t	14  	Cell	0 	(0,0)	-e	0.000000	-a	2	-i	3
-l	i	-t	15  	Cell	0 	(0,0)	-e	0.000000	-a	2	-i	3
-l	i	-t	16  	Cell	0 	(0,0)	-e	0.000000	-a	2	-i	3
-l	i	-t	17  	Cell	0 	(0,0)	-e	0.000000	-a	2	-i	3
-l	i	-t	18  	Cell	0 	(0,0)	-e	0.000000	-a	2	-i	3
-l	i	-t	19  	Cell	0 	(0,0)	-e	0.000000	-a	2	-i	3
-l	i	-t	20  	Cell	0 	(0,0)	-e	0.000000	-a	2	-i	3
-l	i	-t	21  	Cell	0 	(0,0)	-e	0.000000	-a	2	-i	3
-l	i	-t	22  	Cell	0 	(0,0)	-e	0.000000	-a	2	-i	3
-l	i	-t	23  	Cell	0 	(0,0)	-e	0.000000	-a	2	-i	3
-l	i	-t	24  	Cell	0 	(0,0)	-e	0.000000	-a	2	-i	3
-l	i	-t	25  	Cell	0 	(0,0)	-e	0.000000	-a	2	-i	3
-l	i	-t	26  	Cell	0 	(0,0)	-e	0.000000	-a	2	-i	3
-l	i	-t	27  	Cell	0 	(0,0)	-e	0.000000	-a	2	-i	3
-l	i	-t	28  	Cell	0 	(0,0)	-e	0.000000	-a	2	-i	3
-l	i	-t	29  	Cell	0 	(0,0)	-e	0.000000	-a	2	-i	3
-l	i	-t	30  	Cell	0 	(0,0)	-e	0.000000	-a	2	-i	3
-l	i	-t	0   	Cell	0 	(0,0)	-e	0.000000	-a	2	-i	3
-l	i	-t	1   	Cell	0 	(0,0)	-e	0.000000	-a	2	-i	3
-l	i	-t	2   	Cell	0 	(0,0)	-e	0.000000	-a	2	-i	3
-l	i	-t	3   	Cell	0 	(0,0)	-e	0.000000	-a	2	-i	3
-l	i	-t	4   	Cell	0 	(0,0)	-e	0.000000	-a	2	-i	3
-l	i	-t	5   	Cell	0 	(0,0)	-e	0.000000	-a	2	-i	3
-l	i	-t	6   	Cell	0 	(0,0)	-e	0.000000	-a	2	-i	3
-l	i	-t	7   	Cell	0 	(0,0)	-e	0.000000	-a	2	-i	3
-l	i	-t	8   	Cell	0 	(0,0)	-e	0.000000	-a	2	-i	3
-l	i	-t	9   	Cell	0 	(0,0)	-e	0.000000	-a	2	-i	3
-l	i	-t	10  	Cell	0 	(0,0)	-e	0.000000	-a	2	-i	3
-l	i	-t	11  	Cell	0 	(0,0)	-e	0.000000	-a	2	-i	3
-l	i	-t	12  	Cell	0 	(0,0)	-e	0.000000	-a	2	-i	3
-l	i	-t	13  	Cell	0 	(0,0)	-e	0.000000	-a	2	-i	3
-l	i	-t	14  	Cell	0 	(0,0)	-e	0.000000	-a	2	-i	3
-l	i	-t	15  	Cell	0 	(0,0)	-e	0.000000	-a	2	-i	3
-l	i	-t	16  	Cell	0 	(0,0)	-e	0.000000	-a	2	-i	3
-l	i	-t	17  	Cell	0 	(0,0)	-e	0.000000	-a	2	-i	3
-l	i	-t	18  	Cell	0 	(0,0)	-e	0.000000	-a	2	-i	3
-l	i	-t	19  	Cell	0 	(0,0)	-e	0.000000	-a	2	-i	3
-l	i	-t	20  	Cell	0 	(0,0)	-e	0.000000	-a	2	-i	3
-l	i	-t	21  	Cell	0 	(0,0)	-e	0.000000	-a	2	-i	3
-l	i	-t	22  	Cell	0 	(0,0)	-e	0.000000	-a	2	-i	3
-l	i	-t	23  	Cell	0 	(0,0)	-e	0.000000	-a	2	-i	3
-l	i	-t	24  	Cell	0 	(0,0)	-e	0.000000	-a	2	-i	3
-l	i	-t	25  	Cell	0 	(0,0)	-e	0.000000	-a	2	-i	3
-l	i	-t	26  	Cell	0 	(0,0)	-e	0.000000	-a	2	-i	3
-l	i	-t	27  	Cell	0 	(0,0)	-e	0.000000	-a	2	-i	3
-l	i	-t	28  	Cell	0 	(0,0)	-e	0.000000	-a	2	-i	3
-l	i	-t	29  	Cell	0 	(0,0)	-e	0.000000	-a	2	-i	3
-l	i	-t	30  	Cell	0 	(0,0)	-e	0.000000	-a	2	-i	3
-l	i	-t	0   	Cell	0 	(0,0)	-e	0.000000	-a	2	-i	3
-l	i	-t	1   	Cell	0 	(0,0)	-e	0.000000	-a	2	-i	3
-l	i	-t	2   	Cell	0 	(0,0)	-e	0.000000	-a	2	-i	3
-l	i	-t	3   	Cell	0 	(0,0)	-e	0.000000	-a	2	-i	3
-l	i	-t	4   	Cell	0 	(0,0)	-e	0.000000	-a	2	-i	3
-l	i	-t	5   	Cell	0 	(0,0)	-e	0.000000	-a	2	-i	3
-l	i	-t	6   	Cell	0 	(0,0)	-e	0.000000	-a	2	-i	3
-l	i	-t	7   	Cell	0 	(0,0)	-e	0.000000	-a	2	-i	3
-l	i	-t	8   	Cell	0 	(0,0)	-e	0.000000	-a	2	-i	3
-l	i	-t	9   	Cell	0 	(0,0)	-e	0.000000	-a	2	-i	3
-l	i	-t	10  	Cell	0 	(0,0)	-e	0.000000	-a	2	-i	3
-l	i	-t	11  	Cell	0 	(0,0)	-e	0.000000	-a	2	-i	3
-l	i	-t	12  	Cell	0 	(0,0)	-e	0.000000	-a	2	-i	3
-l	i	-t	13  	Cell	0 	(0,0)	-e	0.000000	-a	2	-i	3
-l	i	-t	14  	Cell	0 	(0,0)	-e	0.000000	-a	2	-i	3
-l	i	-t	15  	Cell	0 	(0,0)	-e	0.000000	-a	2	-i	3
-l	i	-t	16  	Cell	0 	(0,0)	-e	0.000000	-a	2	-i	3
-l	i	-t	17  	Cell	0 	(0,0)	-e	0.000000	-a	2	-i	3
-l	i	-t	18  	Cell	0 	(0,0)	-e	0.000000	-a	2	-i	3
-l	i	-t	19  	Cell	0 	(0,0)	-e	0.000000	-a	2	-i	3
-l	i	-t	20  	Cell	0 	(0,0)	-e	0.000000	-a	2	-i	3
-l	i	-t	21  	Cell	0 	(0,0)	-e	0.000000	-a	2	-i	3
-l	i	-t	22  	Cell	0 	(0,0)	-e	0.000000	-a	2	-i	3
-l	i	-t	23  	Cell	0 	(0,0)	-e	0.000000	-a	2	-i	3
-l	i	-t	24  	Cell	0 	(0,0)	-e	0.000000	-a	2	-i	3
-l	i	-t	25  	Cell	0 	(0,0)	-e	0.000000	-a	2	-i	3
-l	i	-t	26  	Cell	0 	(0,0)	-e	0.000000	-a	2	-i	3
-l	i	-t	27  	Cell	0 	(0,0)	-e	0.000000	-a	2	-i	3
-l	i	-t	28  	Cell	0 	(0,0)	-e	0.000000	-a	2	-i	3
-l	i	-t	29  	Cell	0 	(0,0)	-e	0.000000	-a	2	-i	3
-l	i	-t	30  	Cell	0 	(0,0)	-e	0.000000	-a	2	-i	3
-l	i	-t	0   	Cell	0 	(0,0)	-e	0.000000	-a	2	-i	3
-l	i	-t	1   	Cell	0 	(0,0)	-e	0.000000	-a	2	-i	3
-l	i	-t	2   	Cell	0 	(0,0)	-e	0.000000	-a	2	-i	3
-l	i	-t	3   	Cell	0 	(0,0)	-e	0.000000	-a	2	-i	3
-l	i	-t	4   	Cell	0 	(0,0)	-e	0.000000	-a	2	-i	3
-l	i	-t	5   	Cell	0 	(0,0)	-e	0.000000	-a	2	-i	3
-l	i	-t	6   	Cell	0 	(0,0)	-e	0.000000	-a	2	-i	3
-l	i	-t	7   	Cell	0 	(0,0)	-e	0.000000	-a	2	-i	3
-l	i	-t	8   	Cell	0 	(0,0)	-e	0.000000	-a	2	-i	3
-l	i	-t	9   	Cell	0 	(0,0)	-e	0.000000	-a	2	-i	3
-l	i	-t	10  	Cell	0 	(0,0)	-e	0.000000	-a	2	-i	3
-l	i	-t	11  	Cell	0 	(0,0)	-e	0.000000	-a	2	-i	3
-l	i	-t	12  	Cell	0 	(0,0)	-e	0.000000	-a	2	-i	3
-l	i	-t	13  	Cell	0 	(0,0)	-e	0.000000	-a	2	-i	3
-l	i	-t	14  	Cell	0 	(0,0)	-e	0.000000	-a	2	-i	3
-l	i	-t	15  	Cell	0 	(0,0)	-e	0.000000	-a	2	-i	3
-l	i	-t	16  	Cell	0 	(0,0)	-e	0.000000	-a	2	-i	3
-l	i	-t	17  	Cell	0 	(0,0)	-e	0.000000	-a	2	-i	3
-l	i	-t	18  	Cell	0 	(0,0)	-e	0.000000	-a	2	-i	3
-l	i	-t	19  	Cell	0 	(0,0)	-e	0.000000	-a	2	-i	3
-l	i	-t	20  	Cell	0 	(0,0)	-e	0.000000	-a	2	-i	3
-l	i	-t	21  	Cell	0 	(0,0)	-e	0.000000	-a	2	-i	3
-l	i	-t	22  	Cell	0 	(0,0)	-e	0.000000	-a	2	-i	3
-l	i	-t	23  	Cell	0 	(0,0)	-e	0.000000	-a	2	-i	3
-l	i	-t	24  	Cell	0 	(0,0)	-e	0.000000	-a	2	-i	3
-l	i	-t	25  	Cell	0 	(0,0)	-e	0.000000	-a	2	-i	3
-l	i	-t	26  	Cell	0 	(0,0)	-e	0.000000	-a	2	-i	3
-l	i	-t	27  	Cell	0 	(0,0)	-e	0.000000	-a	2	-i	3
-l	i	-t	28  	Cell	0 	(0,0)	-e	0.000000	-a	2	-i	3
-l	i	-t	29  	Cell	0 	(0,0)	-e	0.000000	-a	2	-i	3
-l	i	-t	30  	Cell	0 	(0,0)	-e	0.000000	-a	2	-i	3
