-l	i	-t	0   	Cell	3 	(1,1)	-e	3.185532	-a	2	-i	3
-l	i	-t	1   	Cell	3 	(1,1)	-e	3.137789	-a	2	-i	3
-l	i	-t	2   	Cell	3 	(1,1)	-e	0.556468	-a	2	-i	3
-l	i	-t	3   	Cell	3 	(1,1)	-e	0.275891	-a	2	-i	3
-l	i	-t	4   	Cell	3 	(1,1)	-e	0.186017	-a	2	-i	3
-l	i	-t	5   	Cell	3 	(1,1)	-e	0.179079	-a	2	-i	3
-l	i	-t	6   	Cell	3 	(1,1)	-e	0.176783	-a	2	-i	3
-l	i	-t	7   	Cell	3 	(1,1)	-e	0.176367	-a	2	-i	3
-l	i	-t	8   	Cell	3 	(1,1)	-e	0.167322	-a	2	-i	3
-l	i	-t	9   	Cell	3 	(1,1)	-e	0.145714	-a	2	-i	3
-l	i	-t	10  	Cell	3 	(1,1)	-e	0.142882	-a	2	-i	3
-l	i	-t	11  	Cell	3 	(1,1)	-e	0.142882	-a	2	-i	3
-l	i	-t	12  	Cell	3 	(1,1)	-e	0.142882	-a	2	-i	3
-l	i	-t	13  	Cell	3 	(1,1)	-e	0.142868	-a	2	-i	3
-l	i	-t	14  	Cell	3 	(1,1)	-e	0.142857	-a	2	-i	3
-l	i	-t	15  	Cell	3 	(1,1)	-e	0.142857	-a	2	-i	3
-l	i	-t	16  	Cell	3 	(1,1)	-e	0.142857	-a	2	-i	3
-l	i	-t	17  	Cell	3 	(1,1)	-e	0.142857	-a	2	-i	3
-l	i	-t	18  	Cell	3 	(1,1)	-e	0.142857	-a	2	-i	3
-l	i	-t	19  	Cell	3 	(1,1)	-e	0.142857	-a	2	-i	3
-l	i	-t	20  	Cell	3 	(1,1)	-e	0.142857	-a	2	-i	3
-l	i	-t	21  	Cell	3 	(1,1)	-e	0.142857	-a	2	-i	3
-l	i	-t	22  	Cell	3 	(1,1)	-e	0.142857	-a	2	-i	3
-l	i	-t	23  	Cell	3 	(1,1)	-e	0.142857	-a	2	-i	3
-l	i	-t	24  	Cell	3 	(1,1)	-e	0.142857	-a	2	-i	3
-l	i	-t	25  	Cell	3 	(1,1)	-e	0.142857	-a	2	-i	3
-l	i	-t	26  	Cell	3 	(1,1)	-e	0.142857	-a	2	-i	3
-l	i	-t	27  	Cell	3 	(1,1)	-e	0.142857	-a	2	-i	3
-l	i	-t	28  	Cell	3 	(1,1)	-e	0.142857	-a	2	-i	3
-l	i	-t	29  	Cell	3 	(1,1)	-e	0.142857	-a	2	-i	3
-l	i	-t	30  	Cell	3 	(1,1)	-e	0.142857	-a	2	-i	3
-l	i	-t	0   	Cell	3 	(1,1)	-e	0.142857	-a	2	-i	3
-l	i	-t	1   	Cell	3 	(1,1)	-e	0.142857	-a	2	-i	3
-l	i	-t	2   	Cell	3 	(1,1)	-e	0.142857	-a	2	-i	3
-l	i	-t	3   	Cell	3 	(1,1)	-e	0.142857	-a	2	-i	3
-l	i	-t	4   	Cell	3 	(1,1)	-e	0.142857	-a	2	-i	3
-l	i	-t	5   	Cell	3 	(1,1)	-e	0.142857	-a	2	-i	3
-l	i	-t	6   	Cell	3 	(1,1)	-e	0.142857	-a	2	-i	3
-l	i	-t	7   	Cell	3 	(1,1)	-e	0.142857	-a	2	-i	3
-l	i	-t	8   	Cell	3 	(1,1)	-e	0.142857	-a	2	-i	3
-l	i	-t	9   	Cell	3 	(1,1)	-e	0.142857	-a	2	-i	3
-l	i	-t	10  	Cell	3 	(1,1)	-e	0.142857	-a	2	-i	3
-l	i	-t	11  	Cell	3 	(1,1)	-e	0.142857	-a	2	-i	3
-l	i	-t	12  	Cell	3 	(1,1)	-e	0.142857	-a	2	-i	3
-l	i	-t	13  	Cell	3 	(1,1)	-e	0.142857	-a	2	-i	3
-l	i	-t	14  	Cell	3 	(1,1)	-e	0.142857	-a	2	-i	3
-l	i	-t	15  	Cell	3 	(1,1)	-e	0.142857	-a	2	-i	3
-l	i	-t	16  	Cell	3 	(1,1)	-e	0.142857	-a	2	-i	3
-l	i	-t	17  	Cell	3 	(1,1)	-e	0.142857	-a	2	-i	3
-l	i	-t	18  	Cell	3 	(1,1)	-e	0.142857	-a	2	-i	3
-l	i	-t	19  	Cell	3 	(1,1)	-e	0.142857	-a	2	-i	3
-l	i	-t	20  	Cell	3 	(1,1)	-e	0.142857	-a	2	-i	3
-l	i	-t	21  	Cell	3 	(1,1)	-e	0.142857	-a	2	-i	3
-l	i	-t	22  	Cell	3 	(1,1)	-e	0.142857	-a	2	-i	3
-l	i	-t	23  	Cell	3 	(1,1)	-e	0.142857	-a	2	-i	3
-l	i	-t	24  	Cell	3 	(1,1)	-e	0.142857	-a	2	-i	3
-l	i	-t	25  	Cell	3 	(1,1)	-e	0.142857	-a	2	-i	3
-l	i	-t	26  	Cell	3 	(1,1)	-e	0.142857	-a	2	-i	3
-l	i	-t	27  	Cell	3 	(1,1)	-e	0.142857	-a	2	-i	3
-l	i	-t	28  	Cell	3 	(1,1)	-e	0.142857	-a	2	-i	3
-l	i	-t	29  	Cell	3 	(1,1)	-e	0.142857	-a	2	-i	3
-l	i	-t	30  	Cell	3 	(1,1)	-e	0.142857	-a	2	-i	3
-l	i	-t	0   	Cell	3 	(1,1)	-e	0.142857	-a	2	-i	3
-l	i	-t	1   	Cell	3 	(1,1)	-e	0.142857	-a	2	-i	3
-l	i	-t	2   	Cell	3 	(1,1)	-e	0.142857	-a	2	-i	3
-l	i	-t	3   	Cell	3 	(1,1)	-e	0.142857	-a	2	-i	3
-l	i	-t	4   	Cell	3 	(1,1)	-e	0.142857	-a	2	-i	3
-l	i	-t	5   	Cell	3 	(1,1)	-e	0.142857	-a	2	-i	3
-l	i	-t	6   	Cell	3 	(1,1)	-e	0.142857	-a	2	-i	3
-l	i	-t	7   	Cell	3 	(1,1)	-e	0.142857	-a	2	-i	3
-l	i	-t	8   	Cell	3 	(1,1)	-e	0.142857	-a	2	-i	3
-l	i	-t	9   	Cell	3 	(1,1)	-e	0.142857	-a	2	-i	3
-l	i	-t	10  	Cell	3 	(1,1)	-e	0.142857	-a	2	-i	3
-l	i	-t	11  	Cell	3 	(1,1)	-e	0.142857	-a	2	-i	3
-l	i	-t	12  	Cell	3 	(1,1)	-e	0.142857	-a	2	-i	3
-l	i	-t	13  	Cell	3 	(1,1)	-e	0.142857	-a	2	-i	3
-l	i	-t	14  	Cell	3 	(1,1)	-e	0.142857	-a	2	-i	3
-l	i	-t	15  	Cell	3 	(1,1)	-e	0.142857	-a	2	-i	3
-l	i	-t	16  	Cell	3 	(1,1)	-e	0.142857	-a	2	-i	3
-l	i	-t	17  	Cell	3 	(1,1)	-e	0.142857	-a	2	-i	3
-l	i	-t	18  	Cell	3 	(1,1)	-e	0.142857	-a	2	-i	3
-l	i	-t	19  	Cell	3 	(1,1)	-e	0.142857	-a	2	-i	3
-l	i	-t	20  	Cell	3 	(1,1)	-e	0.142857	-a	2	-i	3
-l	i	-t	21  	Cell	3 	(1,1)	-e	0.142857	-a	2	-i	3
-l	i	-t	22  	Cell	3 	(1,1)	-e	0.142857	-a	2	-i	3
-l	i	-t	23  	Cell	3 	(1,1)	-e	0.142857	-a	2	-i	3
-l	i	-t	24  	Cell	3 	(1,1)	-e	0.142857	-a	2	-i	3
-l	i	-t	25  	Cell	3 	(1,1)	-e	0.142857	-a	2	-i	3
-l	i	-t	26  	Cell	3 	(1,1)	-e	0.142857	-a	2	-i	3
-l	i	-t	27  	Cell	3 	(1,1)	-e	0.142857	-a	2	-i	3
-l	i	-t	28  	Cell	3 	(1,1)	-e	0.142857	-a	2	-i	3
-l	i	-t	29  	Cell	3 	(1,1)	-e	0.142857	-a	2	-i	3
-l	i	-t	30  	Cell	3 	(1,1)	-e	0.142857	-a	2	-i	3
-l	i	-t	0   	Cell	3 	(1,1)	-e	0.142857	-a	2	-i	3
-l	i	-t	1   	Cell	3 	(1,1)	-e	0.142857	-a	2	-i	3
-l	i	-t	2   	Cell	3 	(1,1)	-e	0.142857	-a	2	-i	3
-l	i	-t	3   	Cell	3 	(1,1)	-e	0.142857	-a	2	-i	3
-l	i	-t	4   	Cell	3 	(1,1)	-e	0.142857	-a	2	-i	3
-l	i	-t	5   	Cell	3 	(1,1)	-e	0.142857	-a	2	-i	3
-l	i	-t	6   	Cell	3 	(1,1)	-e	0.142857	-a	2	-i	3
-l	i	-t	7   	Cell	3 	(1,1)	-e	0.142857	-a	2	-i	3
-l	i	-t	8   	Cell	3 	(1,1)	-e	0.142857	-a	2	-i	3
-l	i	-t	9   	Cell	3 	(1,1)	-e	0.142857	-a	2	-i	3
-l	i	-t	10  	Cell	3 	(1,1)	-e	0.142857	-a	2	-i	3
-l	i	-t	11  	Cell	3 	(1,1)	-e	0.142857	-a	2	-i	3
-l	i	-t	12  	Cell	3 	(1,1)	-e	0.142857	-a	2	-i	3
-l	i	-t	13  	Cell	3 	(1,1)	-e	0.142857	-a	2	-i	3
-l	i	-t	14  	Cell	3 	(1,1)	-e	0.142857	-a	2	-i	3
-l	i	-t	15  	Cell	3 	(1,1)	-e	0.142857	-a	2	-i	3
-l	i	-t	16  	Cell	3 	(1,1)	-e	0.142857	-a	2	-i	3
-l	i	-t	17  	Cell	3 	(1,1)	-e	0.142857	-a	2	-i	3
-l	i	-t	18  	Cell	3 	(1,1)	-e	0.142857	-a	2	-i	3
-l	i	-t	19  	Cell	3 	(1,1)	-e	0.142857	-a	2	-i	3
-l	i	-t	20  	Cell	3 	(1,1)	-e	0.142857	-a	2	-i	3
-l	i	-t	21  	Cell	3 	(1,1)	-e	0.142857	-a	2	-i	3
-l	i	-t	22  	Cell	3 	(1,1)	-e	0.142857	-a	2	-i	3
-l	i	-t	23  	Cell	3 	(1,1)	-e	0.142857	-a	2	-i	3
-l	i	-t	24  	Cell	3 	(1,1)	-e	0.142857	-a	2	-i	3
-l	i	-t	25  	Cell	3 	(1,1)	-e	0.142857	-a	2	-i	3
-l	i	-t	26  	Cell	3 	(1,1)	-e	0.142857	-a	2	-i	3
-l	i	-t	27  	Cell	3 	(1,1)	-e	0.142857	-a	2	-i	3
-l	i	-t	28  	Cell	3 	(1,1)	-e	0.142857	-a	2	-i	3
-l	i	-t	29  	Cell	3 	(1,1)	-e	0.142857	-a	2	-i	3
-l	i	-t	30  	Cell	3 	(1,1)	-e	0.142857	-a	2	-i	3
-l	i	-t	0   	Cell	3 	(1,1)	-e	0.142857	-a	2	-i	3
-l	i	-t	1   	Cell	3 	(1,1)	-e	0.142857	-a	2	-i	3
-l	i	-t	2   	Cell	3 	(1,1)	-e	0.142857	-a	2	-i	3
-l	i	-t	3   	Cell	3 	(1,1)	-e	0.142857	-a	2	-i	3
-l	i	-t	4   	Cell	3 	(1,1)	-e	0.142857	-a	2	-i	3
-l	i	-t	5   	Cell	3 	(1,1)	-e	0.142857	-a	2	-i	3
-l	i	-t	6   	Cell	3 	(1,1)	-e	0.142857	-a	2	-i	3
-l	i	-t	7   	Cell	3 	(1,1)	-e	0.142857	-a	2	-i	3
-l	i	-t	8   	Cell	3 	(1,1)	-e	0.142857	-a	2	-i	3
-l	i	-t	9   	Cell	3 	(1,1)	-e	0.142857	-a	2	-i	3
-l	i	-t	10  	Cell	3 	(1,1)	-e	0.142857	-a	2	-i	3
-l	i	-t	11  	Cell	3 	(1,1)	-e	0.142857	-a	2	-i	3
-l	i	-t	12  	Cell	3 	(1,1)	-e	0.142857	-a	2	-i	3
-l	i	-t	13  	Cell	3 	(1,1)	-e	0.142857	-a	2	-i	3
-l	i	-t	14  	Cell	3 	(1,1)	-e	0.142857	-a	2	-i	3
-l	i	-t	15  	Cell	3 	(1,1)	-e	0.142857	-a	2	-i	3
-l	i	-t	16  	Cell	3 	(1,1)	-e	0.142857	-a	2	-i	3
-l	i	-t	17  	Cell	3 	(1,1)	-e	0.142857	-a	2	-i	3
-l	i	-t	18  	Cell	3 	(1,1)	-e	0.142857	-a	2	-i	3
-l	i	-t	19  	Cell	3 	(1,1)	-e	0.142857	-a	2	-i	3
-l	i	-t	20  	Cell	3 	(1,1)	-e	0.142857	-a	2	-i	3
-l	i	-t	21  	Cell	3 	(1,1)	-e	0.142857	-a	2	-i	3
-l	i	-t	22  	Cell	3 	(1,1)	-e	0.142857	-a	2	-i	3
-l	i	-t	23  	Cell	3 	(1,1)	-e	0.142857	-a	2	-i	3
-l	i	-t	24  	Cell	3 	(1,1)	-e	0.142857	-a	2	-i	3
-l	i	-t	25  	Cell	3 	(1,1)	-e	0.142857	-a	2	-i	3
-l	i	-t	26  	Cell	3 	(1,1)	-e	0.142857	-a	2	-i	3
-l	i	-t	27  	Cell	3 	(1,1)	-e	0.142857	-a	2	-i	3
-l	i	-t	28  	Cell	3 	(1,1)	-e	0.142857	-a	2	-i	3
-l	i	-t	29  	Cell	3 	(1,1)	-e	0.142857	-a	2	-i	3
-l	i	-t	30  	Cell	3 	(1,1)	-e	0.142857	-a	2	-i	3
-l	i	-t	0   	Cell	3 	(1,1)	-e	0.142857	-a	2	-i	3
-l	i	-t	1   	Cell	3 	(1,1)	-e	0.142857	-a	2	-i	3
-l	i	-t	2   	Cell	3 	(1,1)	-e	0.142857	-a	2	-i	3
-l	i	-t	3   	Cell	3 	(1,1)	-e	0.142857	-a	2	-i	3
-l	i	-t	4   	Cell	3 	(1,1)	-e	0.142857	-a	2	-i	3
-l	i	-t	5   	Cell	3 	(1,1)	-e	0.142857	-a	2	-i	3
-l	i	-t	6   	Cell	3 	(1,1)	-e	0.142857	-a	2	-i	3
-l	i	-t	7   	Cell	3 	(1,1)	-e	0.142857	-a	2	-i	3
-l	i	-t	8   	Cell	3 	(1,1)	-e	0.142857	-a	2	-i	3
-l	i	-t	9   	Cell	3 	(1,1)	-e	0.142857	-a	2	-i	3
-l	i	-t	10  	Cell	3 	(1,1)	-e	0.142857	-a	2	-i	3
-l	i	-t	11  	Cell	3 	(1,1)	-e	0.142857	-a	2	-i	3
-l	i	-t	12  	Cell	3 	(1,1)	-e	0.142857	-a	2	-i	3
-l	i	-t	13  	Cell	3 	(1,1)	-e	0.142857	-a	2	-i	3
-l	i	-t	14  	Cell	3 	(1,1)	-e	0.142857	-a	2	-i	3
-l	i	-t	15  	Cell	3 	(1,1)	-e	0.142857	-a	2	-i	3
-l	i	-t	16  	Cell	3 	(1,1)	-e	0.142857	-a	2	-i	3
-l	i	-t	17  	Cell	3 	(1,1)	-e	0.142857	-a	2	-i	3
-l	i	-t	18  	Cell	3 	(1,1)	-e	0.142857	-a	2	-i	3
-l	i	-t	19  	Cell	3 	(1,1)	-e	0.142857	-a	2	-i	3
-l	i	-t	20  	Cell	3 	(1,1)	-e	0.142857	-a	2	-i	3
-l	i	-t	21  	Cell	3 	(1,1)	-e	0.142857	-a	2	-i	3
-l	i	-t	22  	Cell	3 	(1,1)	-e	0.142857	-a	2	-i	3
-l	i	-t	23  	Cell	3 	(1,1)	-e	0.142857	-a	2	-i	3
-l	i	-t	24  	Cell	3 	(1,1)	-e	0.142857	-a	2	-i	3
-l	i	-t	25  	Cell	3 	(1,1)	-e	0.142857	-a	2	-i	3
-l	i	-t	26  	Cell	3 	(1,1)	-e	0.142857	-a	2	-i	3
-l	i	-t	27  	Cell	3 	(1,1)	-e	0.142857	-a	2	-i	3
-l	i	-t	28  	Cell	3 	(1,1)	-e	0.142857	-a	2	-i	3
-l	i	-t	29  	Cell	3 	(1,1)	-e	0.142857	-a	2	-i	3
-l	i	-t	30  	Cell	3 	(1,1)	-e	0.142857	-a	2	-i	3
-l	i	-t	0   	Cell	3 	(1,1)	-e	0.142857	-a	2	-i	3
-l	i	-t	1   	Cell	3 	(1,1)	-e	0.142857	-a	2	-i	3
-l	i	-t	2   	Cell	3 	(1,1)	-e	0.142857	-a	2	-i	3
-l	i	-t	3   	Cell	3 	(1,1)	-e	0.142857	-a	2	-i	3
-l	i	-t	4   	Cell	3 	(1,1)	-e	0.142857	-a	2	-i	3
-l	i	-t	5   	Cell	3 	(1,1)	-e	0.142857	-a	2	-i	3
-l	i	-t	6   	Cell	3 	(1,1)	-e	0.142857	-a	2	-i	3
-l	i	-t	7   	Cell	3 	(1,1)	-e	0.142857	-a	2	-i	3
-l	i	-t	8   	Cell	3 	(1,1)	-e	0.142857	-a	2	-i	3
-l	i	-t	9   	Cell	3 	(1,1)	-e	0.142857	-a	2	-i	3
-l	i	-t	10  	Cell	3 	(1,1)	-e	0.142857	-a	2	-i	3
-l	i	-t	11  	Cell	3 	(1,1)	-e	0.142857	-a	2	-i	3
-l	i	-t	12  	Cell	3 	(1,1)	-e	0.142857	-a	2	-i	3
-l	i	-t	13  	Cell	3 	(1,1)	-e	0.142857	-a	2	-i	3
-l	i	-t	14  	Cell	3 	(1,1)	-e	0.142857	-a	2	-i	3
-l	i	-t	15  	Cell	3 	(1,1)	-e	0.142857	-a	2	-i	3
-l	i	-t	16  	Cell	3 	(1,1)	-e	0.142857	-a	2	-i	3
-l	i	-t	17  	Cell	3 	(1,1)	-e	0.142857	-a	2	-i	3
-l	i	-t	18  	Cell	3 	(1,1)	-e	0.142857	-a	2	-i	3
-l	i	-t	19  	Cell	3 	(1,1)	-e	0.142857	-a	2	-i	3
-l	i	-t	20  	Cell	3 	(1,1)	-e	0.142857	-a	2	-i	3
-l	i	-t	21  	Cell	3 	(1,1)	-e	0.142857	-a	2	-i	3
-l	i	-t	22  	Cell	3 	(1,1)	-e	0.142857	-a	2	-i	3
-l	i	-t	23  	Cell	3 	(1,1)	-e	0.142857	-a	2	-i	3
-l	i	-t	24  	Cell	3 	(1,1)	-e	0.142857	-a	2	-i	3
-l	i	-t	25  	Cell	3 	(1,1)	-e	0.142857	-a	2	-i	3
-l	i	-t	26  	Cell	3 	(1,1)	-e	0.142857	-a	2	-i	3
-l	i	-t	27  	Cell	3 	(1,1)	-e	0.142857	-a	2	-i	3
-l	i	-t	28  	Cell	3 	(1,1)	-e	0.142857	-a	2	-i	3
-l	i	-t	29  	Cell	3 	(1,1)	-e	0.142857	-a	2	-i	3
-l	i	-t	30  	Cell	3 	(1,1)	-e	0.142857	-a	2	-i	3
-l	i	-t	0   	Cell	3 	(1,1)	-e	0.142857	-a	2	-i	3
-l	i	-t	1   	Cell	3 	(1,1)	-e	0.142857	-a	2	-i	3
-l	i	-t	2   	Cell	3 	(1,1)	-e	0.142857	-a	2	-i	3
-l	i	-t	3   	Cell	3 	(1,1)	-e	0.142857	-a	2	-i	3
-l	i	-t	4   	Cell	3 	(1,1)	-e	0.142857	-a	2	-i	3
-l	i	-t	5   	Cell	3 	(1,1)	-e	0.142857	-a	2	-i	3
-l	i	-t	6   	Cell	3 	(1,1)	-e	0.142857	-a	2	-i	3
-l	i	-t	7   	Cell	3 	(1,1)	-e	0.142857	-a	2	-i	3
-l	i	-t	8   	Cell	3 	(1,1)	-e	0.142857	-a	2	-i	3
-l	i	-t	9   	Cell	3 	(1,1)	-e	0.142857	-a	2	-i	3
-l	i	-t	10  	Cell	3 	(1,1)	-e	0.142857	-a	2	-i	3
-l	i	-t	11  	Cell	3 	(1,1)	-e	0.142857	-a	2	-i	3
-l	i	-t	12  	Cell	3 	(1,1)	-e	0.142857	-a	2	-i	3
-l	i	-t	13  	Cell	3 	(1,1)	-e	0.142857	-a	2	-i	3
-l	i	-t	14  	Cell	3 	(1,1)	-e	0.142857	-a	2	-i	3
-l	i	-t	15  	Cell	3 	(1,1)	-e	0.142857	-a	2	-i	3
-l	i	-t	16  	Cell	3 	(1,1)	-e	0.142857	-a	2	-i	3
-l	i	-t	17  	Cell	3 	(1,1)	-e	0.142857	-a	2	-i	3
-l	i	-t	18  	Cell	3 	(1,1)	-e	0.142857	-a	2	-i	3
-l	i	-t	19  	Cell	3 	(1,1)	-e	0.142857	-a	2	-i	3
-l	i	-t	20  	Cell	3 	(1,1)	-e	0.142857	-a	2	-i	3
-l	i	-t	21  	Cell	3 	(1,1)	-e	0.142857	-a	2	-i	3
-l	i	-t	22  	Cell	3 	(1,1)	-e	0.142857	-a	2	-i	3
-l	i	-t	23  	Cell	3 	(1,1)	-e	0.142857	-a	2	-i	3
-l	i	-t	24  	Cell	3 	(1,1)	-e	0.142857	-a	2	-i	3
-l	i	-t	25  	Cell	3 	(1,1)	-e	0.142857	-a	2	-i	3
-l	i	-t	26  	Cell	3 	(1,1)	-e	0.142857	-a	2	-i	3
-l	i	-t	27  	Cell	3 	(1,1)	-e	0.142857	-a	2	-i	3
-l	i	-t	28  	Cell	3 	(1,1)	-e	0.142857	-a	2	-i	3
-l	i	-t	29  	Cell	3 	(1,1)	-e	0.142857	-a	2	-i	3
-l	i	-t	30  	Cell	3 	(1,1)	-e	0.142857	-a	2	-i	3
-l	i	-t	0   	Cell	3 	(1,1)	-e	0.142857	-a	2	-i	3
-l	i	-t	1   	Cell	3 	(1,1)	-e	0.142857	-a	2	-i	3
-l	i	-t	2   	Cell	3 	(1,1)	-e	0.142857	-a	2	-i	3
-l	i	-t	3   	Cell	3 	(1,1)	-e	0.142857	-a	2	-i	3
-l	i	-t	4   	Cell	3 	(1,1)	-e	0.142857	-a	2	-i	3
-l	i	-t	5   	Cell	3 	(1,1)	-e	0.142857	-a	2	-i	3
-l	i	-t	6   	Cell	3 	(1,1)	-e	0.142857	-a	2	-i	3
-l	i	-t	7   	Cell	3 	(1,1)	-e	0.142857	-a	2	-i	3
-l	i	-t	8   	Cell	3 	(1,1)	-e	0.142857	-a	2	-i	3
-l	i	-t	9   	Cell	3 	(1,1)	-e	0.142857	-a	2	-i	3
-l	i	-t	10  	Cell	3 	(1,1)	-e	0.142857	-a	2	-i	3
-l	i	-t	11  	Cell	3 	(1,1)	-e	0.142857	-a	2	-i	3
-l	i	-t	12  	Cell	3 	(1,1)	-e	0.142857	-a	2	-i	3
-l	i	-t	13  	Cell	3 	(1,1)	-e	0.142857	-a	2	-i	3
-l	i	-t	14  	Cell	3 	(1,1)	-e	0.142857	-a	2	-i	3
-l	i	-t	15  	Cell	3 	(1,1)	-e	0.142857	-a	2	-i	3
-l	i	-t	16  	Cell	3 	(1,1)	-e	0.142857	-a	2	-i	3
-l	i	-t	17  	Cell	3 	(1,1)	-e	0.142857	-a	2	-i	3
-l	i	-t	18  	Cell	3 	(1,1)	-e	0.142857	-a	2	-i	3
-l	i	-t	19  	Cell	3 	(1,1)	-e	0.142857	-a	2	-i	3
-l	i	-t	20  	Cell	3 	(1,1)	-e	0.142857	-a	2	-i	3
-l	i	-t	21  	Cell	3 	(1,1)	-e	0.142857	-a	2	-i	3
-l	i	-t	22  	Cell	3 	(1,1)	-e	0.142857	-a	2	-i	3
-l	i	-t	23  	Cell	3 	(1,1)	-e	0.142857	-a	2	-i	3
-l	i	-t	24  	Cell	3 	(1,1)	-e	0.142857	-a	2	-i	3
-l	i	-t	25  	Cell	3 	(1,1)	-e	0.142857	-a	2	-i	3
-l	i	-t	26  	Cell	3 	(1,1)	-e	0.142857	-a	2	-i	3
-l	i	-t	27  	Cell	3 	(1,1)	-e	0.142857	-a	2	-i	3
-l	i	-t	28  	Cell	3 	(1,1)	-e	0.142857	-a	2	-i	3
-l	i	-t	29  	Cell	3 	(1,1)	-e	0.142857	-a	2	-i	3
-l	i	-t	30  	Cell	3 	(1,1)	-e	0.142857	-a	2	-i	3
-l	i	-t	0   	Cell	3 	(1,1)	-e	0.142857	-a	2	-i	3
-l	i	-t	1   	Cell	3 	(1,1)	-e	0.142857	-a	2	-i	3
-l	i	-t	2   	Cell	3 	(1,1)	-e	0.142857	-a	2	-i	3
-l	i	-t	3   	Cell	3 	(1,1)	-e	0.142857	-a	2	-i	3
-l	i	-t	4   	Cell	3 	(1,1)	-e	0.142857	-a	2	-i	3
-l	i	-t	5   	Cell	3 	(1,1)	-e	0.142857	-a	2	-i	3
-l	i	-t	6   	Cell	3 	(1,1)	-e	0.142857	-a	2	-i	3
-l	i	-t	7   	Cell	3 	(1,1)	-e	0.142857	-a	2	-i	3
-l	i	-t	8   	Cell	3 	(1,1)	-e	0.142857	-a	2	-i	3
-l	i	-t	9   	Cell	3 	(1,1)	-e	0.142857	-a	2	-i	3
-l	i	-t	10  	Cell	3 	(1,1)	-e	0.142857	-a	2	-i	3
-l	i	-t	11  	Cell	3 	(1,1)	-e	0.142857	-a	2	-i	3
-l	i	-t	12  	Cell	3 	(1,1)	-e	0.142857	-a	2	-i	3
-l	i	-t	13  	Cell	3 	(1,1)	-e	0.142857	-a	2	-i	3
-l	i	-t	14  	Cell	3 	(1,1)	-e	0.142857	-a	2	-i	3
-l	i	-t	15  	Cell	3 	(1,1)	-e	0.142857	-a	2	-i	3
-l	i	-t	16  	Cell	3 	(1,1)	-e	0.142857	-a	2	-i	3
-l	i	-t	17  	Cell	3 	(1,1)	-e	0.142857	-a	2	-i	3
-l	i	-t	18  	Cell	3 	(1,1)	-e	0.142857	-a	2	-i	3
-l	i	-t	19  	Cell	3 	(1,1)	-e	0.142857	-a	2	-i	3
-l	i	-t	20  	Cell	3 	(1,1)	-e	0.142857	-a	2	-i	3
-l	i	-t	21  	Cell	3 	(1,1)	-e	0.142857	-a	2	-i	3
-l	i	-t	22  	Cell	3 	(1,1)	-e	0.142857	-a	2	-i	3
-l	i	-t	23  	Cell	3 	(1,1)	-e	0.142857	-a	2	-i	3
-l	i	-t	24  	Cell	3 	(1,1)	-e	0.142857	-a	2	-i	3
-l	i	-t	25  	Cell	3 	(1,1)	-e	0.142857	-a	2	-i	3
-l	i	-t	26  	Cell	3 	(1,1)	-e	0.142857	-a	2	-i	3
-l	i	-t	27  	Cell	3 	(1,1)	-e	0.142857	-a	2	-i	3
-l	i	-t	28  	Cell	3 	(1,1)	-e	0.142857	-a	2	-i	3
-l	i	-t	29  	Cell	3 	(1,1)	-e	0.142857	-a	2	-i	3
-l	i	-t	30  	Cell	3 	(1,1)	-e	0.142857	-a	2	-i	3
-l	i	-t	0   	Cell	3 	(1,1)	-e	0.142857	-a	2	-i	3
-l	i	-t	1   	Cell	3 	(1,1)	-e	0.142857	-a	2	-i	3
-l	i	-t	2   	Cell	3 	(1,1)	-e	0.142857	-a	2	-i	3
-l	i	-t	3   	Cell	3 	(1,1)	-e	0.142857	-a	2	-i	3
-l	i	-t	4   	Cell	3 	(1,1)	-e	0.142857	-a	2	-i	3
-l	i	-t	5   	Cell	3 	(1,1)	-e	0.142857	-a	2	-i	3
-l	i	-t	6   	Cell	3 	(1,1)	-e	0.142857	-a	2	-i	3
-l	i	-t	7   	Cell	3 	(1,1)	-e	0.142857	-a	2	-i	3
-l	i	-t	8   	Cell	3 	(1,1)	-e	0.142857	-a	2	-i	3
-l	i	-t	9   	Cell	3 	(1,1)	-e	0.142857	-a	2	-i	3
-l	i	-t	10  	Cell	3 	(1,1)	-e	0.142857	-a	2	-i	3
-l	i	-t	11  	Cell	3 	(1,1)	-e	0.142857	-a	2	-i	3
-l	i	-t	12  	Cell	3 	(1,1)	-e	0.142857	-a	2	-i	3
-l	i	-t	13  	Cell	3 	(1,1)	-e	0.142857	-a	2	-i	3
-l	i	-t	14  	Cell	3 	(1,1)	-e	0.142857	-a	2	-i	3
-l	i	-t	15  	Cell	3 	(1,1)	-e	0.142857	-a	2	-i	3
-l	i	-t	16  	Cell	3 	(1,1)	-e	0.142857	-a	2	-i	3
-l	i	-t	17  	Cell	3 	(1,1)	-e	0.142857	-a	2	-i	3
-l	i	-t	18  	Cell	3 	(1,1)	-e	0.142857	-a	2	-i	3
-l	i	-t	19  	Cell	3 	(1,1)	-e	0.142857	-a	2	-i	3
-l	i	-t	20  	Cell	3 	(1,1)	-e	0.142857	-a	2	-i	3
-l	i	-t	21  	Cell	3 	(1,1)	-e	0.142857	-a	2	-i	3
-l	i	-t	22  	Cell	3 	(1,1)	-e	0.142857	-a	2	-i	3
-l	i	-t	23  	Cell	3 	(1,1)	-e	0.142857	-a	2	-i	3
-l	i	-t	24  	Cell	3 	(1,1)	-e	0.142857	-a	2	-i	3
-l	i	-t	25  	Cell	3 	(1,1)	-e	0.142857	-a	2	-i	3
-l	i	-t	26  	Cell	3 	(1,1)	-e	0.142857	-a	2	-i	3
-l	i	-t	27  	Cell	3 	(1,1)	-e	0.142857	-a	2	-i	3
-l	i	-t	28  	Cell	3 	(1,1)	-e	0.142857	-a	2	-i	3
-l	i	-t	29  	Cell	3 	(1,1)	-e	0.142857	-a	2	-i	3
-l	i	-t	30  	Cell	3 	(1,1)	-e	0.142857	-a	2	-i	3
-l	i	-t	0   	Cell	3 	(1,1)	-e	0.142857	-a	2	-i	3
-l	i	-t	1   	Cell	3 	(1,1)	-e	0.142857	-a	2	-i	3
-l	i	-t	2   	Cell	3 	(1,1)	-e	0.142857	-a	2	-i	3
-l	i	-t	3   	Cell	3 	(1,1)	-e	0.142857	-a	2	-i	3
-l	i	-t	4   	Cell	3 	(1,1)	-e	0.142857	-a	2	-i	3
-l	i	-t	5   	Cell	3 	(1,1)	-e	0.142857	-a	2	-i	3
-l	i	-t	6   	Cell	3 	(1,1)	-e	0.142857	-a	2	-i	3
-l	i	-t	7   	Cell	3 	(1,1)	-e	0.142857	-a	2	-i	3
-l	i	-t	8   	Cell	3 	(1,1)	-e	0.142857	-a	2	-i	3
-l	i	-t	9   	Cell	3 	(1,1)	-e	0.142857	-a	2	-i	3
-l	i	-t	10  	Cell	3 	(1,1)	-e	0.142857	-a	2	-i	3
-l	i	-t	11  	Cell	3 	(1,1)	-e	0.142857	-a	2	-i	3
-l	i	-t	12  	Cell	3 	(1,1)	-e	0.142857	-a	2	-i	3
-l	i	-t	13  	Cell	3 	(1,1)	-e	0.142857	-a	2	-i	3
-l	i	-t	14  	Cell	3 	(1,1)	-e	0.142857	-a	2	-i	3
-l	i	-t	15  	Cell	3 	(1,1)	-e	0.142857	-a	2	-i	3
-l	i	-t	16  	Cell	3 	(1,1)	-e	0.142857	-a	2	-i	3
-l	i	-t	17  	Cell	3 	(1,1)	-e	0.142857	-a	2	-i	3
-l	i	-t	18  	Cell	3 	(1,1)	-e	0.142857	-a	2	-i	3
-l	i	-t	19  	Cell	3 	(1,1)	-e	0.142857	-a	2	-i	3
-l	i	-t	20  	Cell	3 	(1,1)	-e	0.142857	-a	2	-i	3
-l	i	-t	21  	Cell	3 	(1,1)	-e	0.142857	-a	2	-i	3
-l	i	-t	22  	Cell	3 	(1,1)	-e	0.142857	-a	2	-i	3
-l	i	-t	23  	Cell	3 	(1,1)	-e	0.142857	-a	2	-i	3
-l	i	-t	24  	Cell	3 	(1,1)	-e	0.142857	-a	2	-i	3
-l	i	-t	25  	Cell	3 	(1,1)	-e	0.142857	-a	2	-i	3
-l	i	-t	26  	Cell	3 	(1,1)	-e	0.142857	-a	2	-i	3
-l	i	-t	27  	Cell	3 	(1,1)	-e	0.142857	-a	2	-i	3
-l	i	-t	28  	Cell	3 	(1,1)	-e	0.142857	-a	2	-i	3
-l	i	-t	29  	Cell	3 	(1,1)	-e	0.142857	-a	2	-i	3
-l	i	-t	30  	Cell	3 	(1,1)	-e	0.142857	-a	2	-i	3
-l	i	-t	0   	Cell	3 	(1,1)	-e	0.142857	-a	2	-i	3
-l	i	-t	1   	Cell	3 	(1,1)	-e	0.142857	-a	2	-i	3
-l	i	-t	2   	Cell	3 	(1,1)	-e	0.142857	-a	2	-i	3
-l	i	-t	3   	Cell	3 	(1,1)	-e	0.142857	-a	2	-i	3
-l	i	-t	4   	Cell	3 	(1,1)	-e	0.142857	-a	2	-i	3
-l	i	-t	5   	Cell	3 	(1,1)	-e	0.142857	-a	2	-i	3
-l	i	-t	6   	Cell	3 	(1,1)	-e	0.142857	-a	2	-i	3
-l	i	-t	7   	Cell	3 	(1,1)	-e	0.142857	-a	2	-i	3
-l	i	-t	8   	Cell	3 	(1,1)	-e	0.142857	-a	2	-i	3
-l	i	-t	9   	Cell	3 	(1,1)	-e	0.142857	-a	2	-i	3
-l	i	-t	10  	Cell	3 	(1,1)	-e	0.142857	-a	2	-i	3
-l	i	-t	11  	Cell	3 	(1,1)	-e	0.142857	-a	2	-i	3
-l	i	-t	12  	Cell	3 	(1,1)	-e	0.142857	-a	2	-i	3
-l	i	-t	13  	Cell	3 	(1,1)	-e	0.142857	-a	2	-i	3
-l	i	-t	14  	Cell	3 	(1,1)	-e	0.142857	-a	2	-i	3
-l	i	-t	15  	Cell	3 	(1,1)	-e	0.142857	-a	2	-i	3
-l	i	-t	16  	Cell	3 	(1,1)	-e	0.142857	-a	2	-i	3
-l	i	-t	17  	Cell	3 	(1,1)	-e	0.142857	-a	2	-i	3
-l	i	-t	18  	Cell	3 	(1,1)	-e	0.142857	-a	2	-i	3
-l	i	-t	19  	Cell	3 	(1,1)	-e	0.142857	-a	2	-i	3
-l	i	-t	20  	Cell	3 	(1,1)	-e	0.142857	-a	2	-i	3
-l	i	-t	21  	Cell	3 	(1,1)	-e	0.142857	-a	2	-i	3
-l	i	-t	22  	Cell	3 	(1,1)	-e	0.142857	-a	2	-i	3
-l	i	-t	23  	Cell	3 	(1,1)	-e	0.142857	-a	2	-i	3
-l	i	-t	24  	Cell	3 	(1,1)	-e	0.142857	-a	2	-i	3
-l	i	-t	25  	Cell	3 	(1,1)	-e	0.142857	-a	2	-i	3
-l	i	-t	26  	Cell	3 	(1,1)	-e	0.142857	-a	2	-i	3
-l	i	-t	27  	Cell	3 	(1,1)	-e	0.142857	-a	2	-i	3
-l	i	-t	28  	Cell	3 	(1,1)	-e	0.142857	-a	2	-i	3
-l	i	-t	29  	Cell	3 	(1,1)	-e	0.142857	-a	2	-i	3
-l	i	-t	30  	Cell	3 	(1,1)	-e	0.142857	-a	2	-i	3
-l	i	-t	0   	Cell	3 	(1,1)	-e	0.142857	-a	2	-i	3
-l	i	-t	1   	Cell	3 	(1,1)	-e	0.142857	-a	2	-i	3
-l	i	-t	2   	Cell	3 	(1,1)	-e	0.142857	-a	2	-i	3
-l	i	-t	3   	Cell	3 	(1,1)	-e	0.142857	-a	2	-i	3
-l	i	-t	4   	Cell	3 	(1,1)	-e	0.142857	-a	2	-i	3
-l	i	-t	5   	Cell	3 	(1,1)	-e	0.142857	-a	2	-i	3
-l	i	-t	6   	Cell	3 	(1,1)	-e	0.142857	-a	2	-i	3
-l	i	-t	7   	Cell	3 	(1,1)	-e	0.142857	-a	2	-i	3
-l	i	-t	8   	Cell	3 	(1,1)	-e	0.142857	-a	2	-i	3
-l	i	-t	9   	Cell	3 	(1,1)	-e	0.142857	-a	2	-i	3
-l	i	-t	10  	Cell	3 	(1,1)	-e	0.142857	-a	2	-i	3
-l	i	-t	11  	Cell	3 	(1,1)	-e	0.142857	-a	2	-i	3
-l	i	-t	12  	Cell	3 	(1,1)	-e	0.142857	-a	2	-i	3
-l	i	-t	13  	Cell	3 	(1,1)	-e	0.142857	-a	2	-i	3
-l	i	-t	14  	Cell	3 	(1,1)	-e	0.142857	-a	2	-i	3
-l	i	-t	15  	Cell	3 	(1,1)	-e	0.142857	-a	2	-i	3
-l	i	-t	16  	Cell	3 	(1,1)	-e	0.142857	-a	2	-i	3
-l	i	-t	17  	Cell	3 	(1,1)	-e	0.142857	-a	2	-i	3
-l	i	-t	18  	Cell	3 	(1,1)	-e	0.142857	-a	2	-i	3
-l	i	-t	19  	Cell	3 	(1,1)	-e	0.142857	-a	2	-i	3
-l	i	-t	20  	Cell	3 	(1,1)	-e	0.142857	-a	2	-i	3
-l	i	-t	21  	Cell	3 	(1,1)	-e	0.142857	-a	2	-i	3
-l	i	-t	22  	Cell	3 	(1,1)	-e	0.142857	-a	2	-i	3
-l	i	-t	23  	Cell	3 	(1,1)	-e	0.142857	-a	2	-i	3
-l	i	-t	24  	Cell	3 	(1,1)	-e	0.142857	-a	2	-i	3
-l	i	-t	25  	Cell	3 	(1,1)	-e	0.142857	-a	2	-i	3
-l	i	-t	26  	Cell	3 	(1,1)	-e	0.142857	-a	2	-i	3
-l	i	-t	27  	Cell	3 	(1,1)	-e	0.142857	-a	2	-i	3
-l	i	-t	28  	Cell	3 	(1,1)	-e	0.142857	-a	2	-i	3
-l	i	-t	29  	Cell	3 	(1,1)	-e	0.142857	-a	2	-i	3
-l	i	-t	30  	Cell	3 	(1,1)	-e	0.142857	-a	2	-i	3
-l	i	-t	0   	Cell	3 	(1,1)	-e	0.142857	-a	2	-i	3
-l	i	-t	1   	Cell	3 	(1,1)	-e	0.142857	-a	2	-i	3
-l	i	-t	2   	Cell	3 	(1,1)	-e	0.142857	-a	2	-i	3
-l	i	-t	3   	Cell	3 	(1,1)	-e	0.142857	-a	2	-i	3
-l	i	-t	4   	Cell	3 	(1,1)	-e	0.142857	-a	2	-i	3
-l	i	-t	5   	Cell	3 	(1,1)	-e	0.142857	-a	2	-i	3
-l	i	-t	6   	Cell	3 	(1,1)	-e	0.142857	-a	2	-i	3
-l	i	-t	7   	Cell	3 	(1,1)	-e	0.142857	-a	2	-i	3
-l	i	-t	8   	Cell	3 	(1,1)	-e	0.142857	-a	2	-i	3
-l	i	-t	9   	Cell	3 	(1,1)	-e	0.142857	-a	2	-i	3
-l	i	-t	10  	Cell	3 	(1,1)	-e	0.142857	-a	2	-i	3
-l	i	-t	11  	Cell	3 	(1,1)	-e	0.142857	-a	2	-i	3
-l	i	-t	12  	Cell	3 	(1,1)	-e	0.142857	-a	2	-i	3
-l	i	-t	13  	Cell	3 	(1,1)	-e	0.142857	-a	2	-i	3
-l	i	-t	14  	Cell	3 	(1,1)	-e	0.142857	-a	2	-i	3
-l	i	-t	15  	Cell	3 	(1,1)	-e	0.142857	-a	2	-i	3
-l	i	-t	16  	Cell	3 	(1,1)	-e	0.142857	-a	2	-i	3
-l	i	-t	17  	Cell	3 	(1,1)	-e	0.142857	-a	2	-i	3
-l	i	-t	18  	Cell	3 	(1,1)	-e	0.142857	-a	2	-i	3
-l	i	-t	19  	Cell	3 	(1,1)	-e	0.142857	-a	2	-i	3
-l	i	-t	20  	Cell	3 	(1,1)	-e	0.142857	-a	2	-i	3
-l	i	-t	21  	Cell	3 	(1,1)	-e	0.142857	-a	2	-i	3
-l	i	-t	22  	Cell	3 	(1,1)	-e	0.142857	-a	2	-i	3
-l	i	-t	23  	Cell	3 	(1,1)	-e	0.142857	-a	2	-i	3
-l	i	-t	24  	Cell	3 	(1,1)	-e	0.142857	-a	2	-i	3
-l	i	-t	25  	Cell	3 	(1,1)	-e	0.142857	-a	2	-i	3
-l	i	-t	26  	Cell	3 	(1,1)	-e	0.142857	-a	2	-i	3
-l	i	-t	27  	Cell	3 	(1,1)	-e	0.142857	-a	2	-i	3
-l	i	-t	28  	Cell	3 	(1,1)	-e	0.142857	-a	2	-i	3
-l	i	-t	29  	Cell	3 	(1,1)	-e	0.142857	-a	2	-i	3
-l	i	-t	30  	Cell	3 	(1,1)	-e	0.142857	-a	2	-i	3
-l	i	-t	0   	Cell	3 	(1,1)	-e	0.142857	-a	2	-i	3
-l	i	-t	1   	Cell	3 	(1,1)	-e	0.142857	-a	2	-i	3
-l	i	-t	2   	Cell	3 	(1,1)	-e	0.142857	-a	2	-i	3
-l	i	-t	3   	Cell	3 	(1,1)	-e	0.142857	-a	2	-i	3
-l	i	-t	4   	Cell	3 	(1,1)	-e	0.142857	-a	2	-i	3
-l	i	-t	5   	Cell	3 	(1,1)	-e	0.142857	-a	2	-i	3
-l	i	-t	6   	Cell	3 	(1,1)	-e	0.142857	-a	2	-i	3
-l	i	-t	7   	Cell	3 	(1,1)	-e	0.142857	-a	2	-i	3
-l	i	-t	8   	Cell	3 	(1,1)	-e	0.142857	-a	2	-i	3
-l	i	-t	9   	Cell	3 	(1,1)	-e	0.142857	-a	2	-i	3
-l	i	-t	10  	Cell	3 	(1,1)	-e	0.142857	-a	2	-i	3
-l	i	-t	11  	Cell	3 	(1,1)	-e	0.142857	-a	2	-i	3
-l	i	-t	12  	Cell	3 	(1,1)	-e	0.142857	-a	2	-i	3
-l	i	-t	13  	Cell	3 	(1,1)	-e	0.142857	-a	2	-i	3
-l	i	-t	14  	Cell	3 	(1,1)	-e	0.142857	-a	2	-i	3
-l	i	-t	15  	Cell	3 	(1,1)	-e	0.142857	-a	2	-i	3
-l	i	-t	16  	Cell	3 	(1,1)	-e	0.142857	-a	2	-i	3
-l	i	-t	17  	Cell	3 	(1,1)	-e	0.142857	-a	2	-i	3
-l	i	-t	18  	Cell	3 	(1,1)	-e	0.142857	-a	2	-i	3
-l	i	-t	19  	Cell	3 	(1,1)	-e	0.142857	-a	2	-i	3
-l	i	-t	20  	Cell	3 	(1,1)	-e	0.142857	-a	2	-i	3
-l	i	-t	21  	Cell	3 	(1,1)	-e	0.142857	-a	2	-i	3
-l	i	-t	22  	Cell	3 	(1,1)	-e	0.142857	-a	2	-i	3
-l	i	-t	23  	Cell	3 	(1,1)	-e	0.142857	-a	2	-i	3
-l	i	-t	24  	Cell	3 	(1,1)	-e	0.142857	-a	2	-i	3
-l	i	-t	25  	Cell	3 	(1,1)	-e	0.142857	-a	2	-i	3
-l	i	-t	26  	Cell	3 	(1,1)	-e	0.142857	-a	2	-i	3
-l	i	-t	27  	Cell	3 	(1,1)	-e	0.142857	-a	2	-i	3
-l	i	-t	28  	Cell	3 	(1,1)	-e	0.142857	-a	2	-i	3
-l	i	-t	29  	Cell	3 	(1,1)	-e	0.142857	-a	2	-i	3
-l	i	-t	30  	Cell	3 	(1,1)	-e	0.142857	-a	2	-i	3
-l	i	-t	0   	Cell	3 	(1,1)	-e	0.142857	-a	2	-i	3
-l	i	-t	1   	Cell	3 	(1,1)	-e	0.142857	-a	2	-i	3
-l	i	-t	2   	Cell	3 	(1,1)	-e	0.142857	-a	2	-i	3
-l	i	-t	3   	Cell	3 	(1,1)	-e	0.142857	-a	2	-i	3
-l	i	-t	4   	Cell	3 	(1,1)	-e	0.142857	-a	2	-i	3
-l	i	-t	5   	Cell	3 	(1,1)	-e	0.142857	-a	2	-i	3
-l	i	-t	6   	Cell	3 	(1,1)	-e	0.142857	-a	2	-i	3
-l	i	-t	7   	Cell	3 	(1,1)	-e	0.142857	-a	2	-i	3
-l	i	-t	8   	Cell	3 	(1,1)	-e	0.142857	-a	2	-i	3
-l	i	-t	9   	Cell	3 	(1,1)	-e	0.142857	-a	2	-i	3
-l	i	-t	10  	Cell	3 	(1,1)	-e	0.142857	-a	2	-i	3
-l	i	-t	11  	Cell	3 	(1,1)	-e	0.142857	-a	2	-i	3
-l	i	-t	12  	Cell	3 	(1,1)	-e	0.142857	-a	2	-i	3
-l	i	-t	13  	Cell	3 	(1,1)	-e	0.142857	-a	2	-i	3
-l	i	-t	14  	Cell	3 	(1,1)	-e	0.142857	-a	2	-i	3
-l	i	-t	15  	Cell	3 	(1,1)	-e	0.142857	-a	2	-i	3
-l	i	-t	16  	Cell	3 	(1,1)	-e	0.142857	-a	2	-i	3
-l	i	-t	17  	Cell	3 	(1,1)	-e	0.142857	-a	2	-i	3
-l	i	-t	18  	Cell	3 	(1,1)	-e	0.142857	-a	2	-i	3
-l	i	-t	19  	Cell	3 	(1,1)	-e	0.142857	-a	2	-i	3
-l	i	-t	20  	Cell	3 	(1,1)	-e	0.142857	-a	2	-i	3
-l	i	-t	21  	Cell	3 	(1,1)	-e	0.142857	-a	2	-i	3
-l	i	-t	22  	Cell	3 	(1,1)	-e	0.142857	-a	2	-i	3
-l	i	-t	23  	Cell	3 	(1,1)	-e	0.142857	-a	2	-i	3
-l	i	-t	24  	Cell	3 	(1,1)	-e	0.142857	-a	2	-i	3
-l	i	-t	25  	Cell	3 	(1,1)	-e	0.142857	-a	2	-i	3
-l	i	-t	26  	Cell	3 	(1,1)	-e	0.142857	-a	2	-i	3
-l	i	-t	27  	Cell	3 	(1,1)	-e	0.142857	-a	2	-i	3
-l	i	-t	28  	Cell	3 	(1,1)	-e	0.142857	-a	2	-i	3
-l	i	-t	29  	Cell	3 	(1,1)	-e	0.142857	-a	2	-i	3
-l	i	-t	30  	Cell	3 	(1,1)	-e	0.142857	-a	2	-i	3
-l	i	-t	0   	Cell	3 	(1,1)	-e	0.142857	-a	2	-i	3
-l	i	-t	1   	Cell	3 	(1,1)	-e	0.142857	-a	2	-i	3
-l	i	-t	2   	Cell	3 	(1,1)	-e	0.142857	-a	2	-i	3
-l	i	-t	3   	Cell	3 	(1,1)	-e	0.142857	-a	2	-i	3
-l	i	-t	4   	Cell	3 	(1,1)	-e	0.142857	-a	2	-i	3
-l	i	-t	5   	Cell	3 	(1,1)	-e	0.142857	-a	2	-i	3
-l	i	-t	6   	Cell	3 	(1,1)	-e	0.142857	-a	2	-i	3
-l	i	-t	7   	Cell	3 	(1,1)	-e	0.142857	-a	2	-i	3
-l	i	-t	8   	Cell	3 	(1,1)	-e	0.142857	-a	2	-i	3
-l	i	-t	9   	Cell	3 	(1,1)	-e	0.142857	-a	2	-i	3
-l	i	-t	10  	Cell	3 	(1,1)	-e	0.142857	-a	2	-i	3
-l	i	-t	11  	Cell	3 	(1,1)	-e	0.142857	-a	2	-i	3
-l	i	-t	12  	Cell	3 	(1,1)	-e	0.142857	-a	2	-i	3
-l	i	-t	13  	Cell	3 	(1,1)	-e	0.142857	-a	2	-i	3
-l	i	-t	14  	Cell	3 	(1,1)	-e	0.142857	-a	2	-i	3
-l	i	-t	15  	Cell	3 	(1,1)	-e	0.142857	-a	2	-i	3
-l	i	-t	16  	Cell	3 	(1,1)	-e	0.142857	-a	2	-i	3
-l	i	-t	17  	Cell	3 	(1,1)	-e	0.142857	-a	2	-i	3
-l	i	-t	18  	Cell	3 	(1,1)	-e	0.142857	-a	2	-i	3
-l	i	-t	19  	Cell	3 	(1,1)	-e	0.142857	-a	2	-i	3
-l	i	-t	20  	Cell	3 	(1,1)	-e	0.142857	-a	2	-i	3
-l	i	-t	21  	Cell	3 	(1,1)	-e	0.142857	-a	2	-i	3
-l	i	-t	22  	Cell	3 	(1,1)	-e	0.142857	-a	2	-i	3
-l	i	-t	23  	Cell	3 	(1,1)	-e	0.142857	-a	2	-i	3
-l	i	-t	24  	Cell	3 	(1,1)	-e	0.142857	-a	2	-i	3
-l	i	-t	25  	Cell	3 	(1,1)	-e	0.142857	-a	2	-i	3
-l	i	-t	26  	Cell	3 	(1,1)	-e	0.142857	-a	2	-i	3
-l	i	-t	27  	Cell	3 	(1,1)	-e	0.142857	-a	2	-i	3
-l	i	-t	28  	Cell	3 	(1,1)	-e	0.142857	-a	2	-i	3
-l	i	-t	29  	Cell	3 	(1,1)	-e	0.142857	-a	2	-i	3
-l	i	-t	30  	Cell	3 	(1,1)	-e	0.142857	-a	2	-i	3
-l	i	-t	0   	Cell	3 	(1,1)	-e	0.142857	-a	2	-i	3
-l	i	-t	1   	Cell	3 	(1,1)	-e	0.142857	-a	2	-i	3
-l	i	-t	2   	Cell	3 	(1,1)	-e	0.142857	-a	2	-i	3
-l	i	-t	3   	Cell	3 	(1,1)	-e	0.142857	-a	2	-i	3
-l	i	-t	4   	Cell	3 	(1,1)	-e	0.142857	-a	2	-i	3
-l	i	-t	5   	Cell	3 	(1,1)	-e	0.142857	-a	2	-i	3
-l	i	-t	6   	Cell	3 	(1,1)	-e	0.142857	-a	2	-i	3
-l	i	-t	7   	Cell	3 	(1,1)	-e	0.142857	-a	2	-i	3
-l	i	-t	8   	Cell	3 	(1,1)	-e	0.142857	-a	2	-i	3
-l	i	-t	9   	Cell	3 	(1,1)	-e	0.142857	-a	2	-i	3
-l	i	-t	10  	Cell	3 	(1,1)	-e	0.142857	-a	2	-i	3
-l	i	-t	11  	Cell	3 	(1,1)	-e	0.142857	-a	2	-i	3
-l	i	-t	12  	Cell	3 	(1,1)	-e	0.142857	-a	2	-i	3
-l	i	-t	13  	Cell	3 	(1,1)	-e	0.142857	-a	2	-i	3
-l	i	-t	14  	Cell	3 	(1,1)	-e	0.142857	-a	2	-i	3
-l	i	-t	15  	Cell	3 	(1,1)	-e	0.142857	-a	2	-i	3
-l	i	-t	16  	Cell	3 	(1,1)	-e	0.142857	-a	2	-i	3
-l	i	-t	17  	Cell	3 	(1,1)	-e	0.142857	-a	2	-i	3
-l	i	-t	18  	Cell	3 	(1,1)	-e	0.142857	-a	2	-i	3
-l	i	-t	19  	Cell	3 	(1,1)	-e	0.142857	-a	2	-i	3
-l	i	-t	20  	Cell	3 	(1,1)	-e	0.142857	-a	2	-i	3
-l	i	-t	21  	Cell	3 	(1,1)	-e	0.142857	-a	2	-i	3
-l	i	-t	22  	Cell	3 	(1,1)	-e	0.142857	-a	2	-i	3
-l	i	-t	23  	Cell	3 	(1,1)	-e	0.142857	-a	2	-i	3
-l	i	-t	24  	Cell	3 	(1,1)	-e	0.142857	-a	2	-i	3
-l	i	-t	25  	Cell	3 	(1,1)	-e	0.142857	-a	2	-i	3
-l	i	-t	26  	Cell	3 	(1,1)	-e	0.142857	-a	2	-i	3
-l	i	-t	27  	Cell	3 	(1,1)	-e	0.142857	-a	2	-i	3
-l	i	-t	28  	Cell	3 	(1,1)	-e	0.142857	-a	2	-i	3
-l	i	-t	29  	Cell	3 	(1,1)	-e	0.142857	-a	2	-i	3
-l	i	-t	30  	Cell	3 	(1,1)	-e	0.142857	-a	2	-i	3
-l	i	-t	0   	Cell	3 	(1,1)	-e	0.142857	-a	2	-i	3
-l	i	-t	1   	Cell	3 	(1,1)	-e	0.142857	-a	2	-i	3
-l	i	-t	2   	Cell	3 	(1,1)	-e	0.142857	-a	2	-i	3
-l	i	-t	3   	Cell	3 	(1,1)	-e	0.142857	-a	2	-i	3
-l	i	-t	4   	Cell	3 	(1,1)	-e	0.142857	-a	2	-i	3
-l	i	-t	5   	Cell	3 	(1,1)	-e	0.142857	-a	2	-i	3
-l	i	-t	6   	Cell	3 	(1,1)	-e	0.142857	-a	2	-i	3
-l	i	-t	7   	Cell	3 	(1,1)	-e	0.142857	-a	2	-i	3
-l	i	-t	8   	Cell	3 	(1,1)	-e	0.142857	-a	2	-i	3
-l	i	-t	9   	Cell	3 	(1,1)	-e	0.142857	-a	2	-i	3
-l	i	-t	10  	Cell	3 	(1,1)	-e	0.142857	-a	2	-i	3
-l	i	-t	11  	Cell	3 	(1,1)	-e	0.142857	-a	2	-i	3
-l	i	-t	12  	Cell	3 	(1,1)	-e	0.142857	-a	2	-i	3
-l	i	-t	13  	Cell	3 	(1,1)	-e	0.142857	-a	2	-i	3
-l	i	-t	14  	Cell	3 	(1,1)	-e	0.142857	-a	2	-i	3
-l	i	-t	15  	Cell	3 	(1,1)	-e	0.142857	-a	2	-i	3
-l	i	-t	16  	Cell	3 	(1,1)	-e	0.142857	-a	2	-i	3
-l	i	-t	17  	Cell	3 	(1,1)	-e	0.142857	-a	2	-i	3
-l	i	-t	18  	Cell	3 	(1,1)	-e	0.142857	-a	2	-i	3
-l	i	-t	19  	Cell	3 	(1,1)	-e	0.142857	-a	2	-i	3
-l	i	-t	20  	Cell	3 	(1,1)	-e	0.142857	-a	2	-i	3
-l	i	-t	21  	Cell	3 	(1,1)	-e	0.142857	-a	2	-i	3
-l	i	-t	22  	Cell	3 	(1,1)	-e	0.142857	-a	2	-i	3
-l	i	-t	23  	Cell	3 	(1,1)	-e	0.142857	-a	2	-i	3
-l	i	-t	24  	Cell	3 	(1,1)	-e	0.142857	-a	2	-i	3
-l	i	-t	25  	Cell	3 	(1,1)	-e	0.142857	-a	2	-i	3
-l	i	-t	26  	Cell	3 	(1,1)	-e	0.142857	-a	2	-i	3
-l	i	-t	27  	Cell	3 	(1,1)	-e	0.142857	-a	2	-i	3
-l	i	-t	28  	Cell	3 	(1,1)	-e	0.142857	-a	2	-i	3
-l	i	-t	29  	Cell	3 	(1,1)	-e	0.142857	-a	2	-i	3
-l	i	-t	30  	Cell	3 	(1,1)	-e	0.142857	-a	2	-i	3
-l	i	-t	0   	Cell	3 	(1,1)	-e	0.142857	-a	2	-i	3
-l	i	-t	1   	Cell	3 	(1,1)	-e	0.142857	-a	2	-i	3
-l	i	-t	2   	Cell	3 	(1,1)	-e	0.142857	-a	2	-i	3
-l	i	-t	3   	Cell	3 	(1,1)	-e	0.142857	-a	2	-i	3
-l	i	-t	4   	Cell	3 	(1,1)	-e	0.142857	-a	2	-i	3
-l	i	-t	5   	Cell	3 	(1,1)	-e	0.142857	-a	2	-i	3
-l	i	-t	6   	Cell	3 	(1,1)	-e	0.142857	-a	2	-i	3
-l	i	-t	7   	Cell	3 	(1,1)	-e	0.142857	-a	2	-i	3
-l	i	-t	8   	Cell	3 	(1,1)	-e	0.142857	-a	2	-i	3
-l	i	-t	9   	Cell	3 	(1,1)	-e	0.142857	-a	2	-i	3
-l	i	-t	10  	Cell	3 	(1,1)	-e	0.142857	-a	2	-i	3
-l	i	-t	11  	Cell	3 	(1,1)	-e	0.142857	-a	2	-i	3
-l	i	-t	12  	Cell	3 	(1,1)	-e	0.142857	-a	2	-i	3
-l	i	-t	13  	Cell	3 	(1,1)	-e	0.142857	-a	2	-i	3
-l	i	-t	14  	Cell	3 	(1,1)	-e	0.142857	-a	2	-i	3
-l	i	-t	15  	Cell	3 	(1,1)	-e	0.142857	-a	2	-i	3
-l	i	-t	16  	Cell	3 	(1,1)	-e	0.142857	-a	2	-i	3
-l	i	-t	17  	Cell	3 	(1,1)	-e	0.142857	-a	2	-i	3
-l	i	-t	18  	Cell	3 	(1,1)	-e	0.142857	-a	2	-i	3
-l	i	-t	19  	Cell	3 	(1,1)	-e	0.142857	-a	2	-i	3
-l	i	-t	20  	Cell	3 	(1,1)	-e	0.142857	-a	2	-i	3
-l	i	-t	21  	Cell	3 	(1,1)	-e	0.142857	-a	2	-i	3
-l	i	-t	22  	Cell	3 	(1,1)	-e	0.142857	-a	2	-i	3
-l	i	-t	23  	Cell	3 	(1,1)	-e	0.142857	-a	2	-i	3
-l	i	-t	24  	Cell	3 	(1,1)	-e	0.142857	-a	2	-i	3
-l	i	-t	25  	Cell	3 	(1,1)	-e	0.142857	-a	2	-i	3
-l	i	-t	26  	Cell	3 	(1,1)	-e	0.142857	-a	2	-i	3
-l	i	-t	27  	Cell	3 	(1,1)	-e	0.142857	-a	2	-i	3
-l	i	-t	28  	Cell	3 	(1,1)	-e	0.142857	-a	2	-i	3
-l	i	-t	29  	Cell	3 	(1,1)	-e	0.142857	-a	2	-i	3
-l	i	-t	30  	Cell	3 	(1,1)	-e	0.142857	-a	2	-i	3
