  pch.cpp
  Args.cpp
  Config.cpp
  Data.cpp
  GetOpt.cpp
c:\users\phil4\dropbox\today\repo\remove_sentences_effectively\remove_sentences_effectively\getopt.cpp(210): warning C4996: 'getenv': This function or variable may be unsafe. Consider using _dupenv_s instead. To disable deprecation, use _CRT_SECURE_NO_WARNINGS. See online help for details.
  c:\program files (x86)\windows kits\10\include\10.0.17763.0\ucrt\stdlib.h(1191): note: 'getenv' 선언을 참조하십시오.
  NLP.cpp
c:\users\phil4\dropbox\today\repo\remove_sentences_effectively\remove_sentences_effectively\nlp.cpp(13): warning C4129: '<': 문자 이스케이프 시퀀스를 인식할 수 없습니다.
c:\users\phil4\dropbox\today\repo\remove_sentences_effectively\remove_sentences_effectively\nlp.cpp(53): warning C4018: '<': signed 또는 unsigned가 일치하지 않습니다.
  remove_sentences_effectively.cpp
  TextProc.cpp
c:\users\phil4\dropbox\today\repo\remove_sentences_effectively\remove_sentences_effectively\textproc.cpp(136): warning C4018: '<': signed 또는 unsigned가 일치하지 않습니다.
c:\users\phil4\dropbox\today\repo\remove_sentences_effectively\remove_sentences_effectively\textproc.cpp(173): warning C4018: '<': signed 또는 unsigned가 일치하지 않습니다.
c:\users\phil4\dropbox\today\repo\remove_sentences_effectively\remove_sentences_effectively\textproc.cpp(242): warning C4018: '<': signed 또는 unsigned가 일치하지 않습니다.
c:\users\phil4\dropbox\today\repo\remove_sentences_effectively\remove_sentences_effectively\textproc.cpp(356): error C2065: 'map': 선언되지 않은 식별자입니다.
c:\users\phil4\dropbox\today\repo\remove_sentences_effectively\remove_sentences_effectively\textproc.cpp(356): error C2275: 'std::string': 이 형식을 식으로 잘못 사용했습니다.
  c:\program files (x86)\microsoft visual studio\2017\wdexpress\vc\tools\msvc\14.16.27023\include\xstring(4373): note: 'std::string' 선언을 참조하십시오.
c:\users\phil4\dropbox\today\repo\remove_sentences_effectively\remove_sentences_effectively\textproc.cpp(356): error C2065: 'str_hash': 선언되지 않은 식별자입니다.
  코드를 생성하고 있습니다...
